running egg_info
creating ../../../build/webots_ros2_turtlebot/webots_ros2_turtlebot.egg-info
writing ../../../build/webots_ros2_turtlebot/webots_ros2_turtlebot.egg-info/PKG-INFO
writing dependency_links to ../../../build/webots_ros2_turtlebot/webots_ros2_turtlebot.egg-info/dependency_links.txt
writing entry points to ../../../build/webots_ros2_turtlebot/webots_ros2_turtlebot.egg-info/entry_points.txt
writing requirements to ../../../build/webots_ros2_turtlebot/webots_ros2_turtlebot.egg-info/requires.txt
writing top-level names to ../../../build/webots_ros2_turtlebot/webots_ros2_turtlebot.egg-info/top_level.txt
writing manifest file '../../../build/webots_ros2_turtlebot/webots_ros2_turtlebot.egg-info/SOURCES.txt'
reading manifest file '../../../build/webots_ros2_turtlebot/webots_ros2_turtlebot.egg-info/SOURCES.txt'
writing manifest file '../../../build/webots_ros2_turtlebot/webots_ros2_turtlebot.egg-info/SOURCES.txt'
running build
running build_py
creating /mnt/dev/webots_ros2/build/webots_ros2_turtlebot/build
creating /mnt/dev/webots_ros2/build/webots_ros2_turtlebot/build/lib
creating /mnt/dev/webots_ros2/build/webots_ros2_turtlebot/build/lib/webots_ros2_turtlebot
copying webots_ros2_turtlebot/__init__.py -> /mnt/dev/webots_ros2/build/webots_ros2_turtlebot/build/lib/webots_ros2_turtlebot
copying webots_ros2_turtlebot/plugin_example.py -> /mnt/dev/webots_ros2/build/webots_ros2_turtlebot/build/lib/webots_ros2_turtlebot
running install
running install_lib
creating /mnt/dev/webots_ros2/install/webots_ros2_turtlebot/lib/python3.10/site-packages/webots_ros2_turtlebot
copying /mnt/dev/webots_ros2/build/webots_ros2_turtlebot/build/lib/webots_ros2_turtlebot/__init__.py -> /mnt/dev/webots_ros2/install/webots_ros2_turtlebot/lib/python3.10/site-packages/webots_ros2_turtlebot
copying /mnt/dev/webots_ros2/build/webots_ros2_turtlebot/build/lib/webots_ros2_turtlebot/plugin_example.py -> /mnt/dev/webots_ros2/install/webots_ros2_turtlebot/lib/python3.10/site-packages/webots_ros2_turtlebot
byte-compiling /mnt/dev/webots_ros2/install/webots_ros2_turtlebot/lib/python3.10/site-packages/webots_ros2_turtlebot/__init__.py to __init__.cpython-310.pyc
byte-compiling /mnt/dev/webots_ros2/install/webots_ros2_turtlebot/lib/python3.10/site-packages/webots_ros2_turtlebot/plugin_example.py to plugin_example.cpython-310.pyc
running install_data
creating /mnt/dev/webots_ros2/install/webots_ros2_turtlebot/share/ament_index
creating /mnt/dev/webots_ros2/install/webots_ros2_turtlebot/share/ament_index/resource_index
creating /mnt/dev/webots_ros2/install/webots_ros2_turtlebot/share/ament_index/resource_index/packages
copying resource/webots_ros2_turtlebot -> /mnt/dev/webots_ros2/install/webots_ros2_turtlebot/share/ament_index/resource_index/packages
creating /mnt/dev/webots_ros2/install/webots_ros2_turtlebot/share/webots_ros2_turtlebot/launch
copying launch/robot_launch.py -> /mnt/dev/webots_ros2/install/webots_ros2_turtlebot/share/webots_ros2_turtlebot/launch
creating /mnt/dev/webots_ros2/install/webots_ros2_turtlebot/share/webots_ros2_turtlebot/resource
copying resource/turtlebot3_burger_example_map.pgm -> /mnt/dev/webots_ros2/install/webots_ros2_turtlebot/share/webots_ros2_turtlebot/resource
copying resource/turtlebot3_burger_example_map.yaml -> /mnt/dev/webots_ros2/install/webots_ros2_turtlebot/share/webots_ros2_turtlebot/resource
copying resource/turtlebot_webots.urdf -> /mnt/dev/webots_ros2/install/webots_ros2_turtlebot/share/webots_ros2_turtlebot/resource
copying resource/ros2control.yml -> /mnt/dev/webots_ros2/install/webots_ros2_turtlebot/share/webots_ros2_turtlebot/resource
copying resource/nav2_params.yaml -> /mnt/dev/webots_ros2/install/webots_ros2_turtlebot/share/webots_ros2_turtlebot/resource
creating /mnt/dev/webots_ros2/install/webots_ros2_turtlebot/share/webots_ros2_turtlebot/worlds
copying worlds/turtlebot3_burger_example.wbt -> /mnt/dev/webots_ros2/install/webots_ros2_turtlebot/share/webots_ros2_turtlebot/worlds
copying worlds/.turtlebot3_burger_example.wbproj -> /mnt/dev/webots_ros2/install/webots_ros2_turtlebot/share/webots_ros2_turtlebot/worlds
copying package.xml -> /mnt/dev/webots_ros2/install/webots_ros2_turtlebot/share/webots_ros2_turtlebot
running install_egg_info
Copying ../../../build/webots_ros2_turtlebot/webots_ros2_turtlebot.egg-info to /mnt/dev/webots_ros2/install/webots_ros2_turtlebot/lib/python3.10/site-packages/webots_ros2_turtlebot-2023.1.3-py3.10.egg-info
running install_scripts
writing list of installed files to '/mnt/dev/webots_ros2/build/webots_ros2_turtlebot/install.log'
