[0.591s] Invoking command in '/mnt/dev/webots_ros2/src/webots_ros2/webots_ros2_turtlebot': AMENT_PREFIX_PATH=/mnt/dev/webots_ros2/install/webots_ros2_control:/mnt/dev/webots_ros2/install/webots_ros2_driver:/mnt/dev/webots_ros2/install/webots_ros2_msgs:/mnt/dev/webots_ros2/install/webots_ros2_importer:${AMENT_PREFIX_PATH} CMAKE_PREFIX_PATH=/mnt/dev/webots_ros2/install/webots_ros2_control:/mnt/dev/webots_ros2/install/webots_ros2_driver:/mnt/dev/webots_ros2/install/webots_ros2_msgs LD_LIBRARY_PATH=/mnt/dev/webots_ros2/install/webots_ros2_control/lib:/mnt/dev/webots_ros2/install/webots_ros2_driver/lib:/mnt/dev/webots_ros2/install/webots_ros2_msgs/lib:${LD_LIBRARY_PATH} PYTHONPATH=/mnt/dev/webots_ros2/build/webots_ros2_turtlebot/prefix_override:/usr/lib/python3/dist-packages/colcon_core/task/python/colcon_distutils_commands:/mnt/dev/webots_ros2/install/webots_ros2_turtlebot/lib/python3.10/site-packages:/mnt/dev/webots_ros2/install/webots_ros2_driver/local/lib/python3.10/dist-packages:/mnt/dev/webots_ros2/install/webots_ros2_msgs/local/lib/python3.10/dist-packages:/mnt/dev/webots_ros2/install/webots_ros2_importer/lib/python3.10/site-packages:${PYTHONPATH} /usr/bin/python3 -W ignore:setup.py install is deprecated -W ignore:easy_install command is deprecated setup.py egg_info --egg-base ../../../build/webots_ros2_turtlebot build --build-base /mnt/dev/webots_ros2/build/webots_ros2_turtlebot/build install --record /mnt/dev/webots_ros2/build/webots_ros2_turtlebot/install.log --single-version-externally-managed install_data
[0.687s] running egg_info
[0.688s] creating ../../../build/webots_ros2_turtlebot/webots_ros2_turtlebot.egg-info
[0.688s] writing ../../../build/webots_ros2_turtlebot/webots_ros2_turtlebot.egg-info/PKG-INFO
[0.688s] writing dependency_links to ../../../build/webots_ros2_turtlebot/webots_ros2_turtlebot.egg-info/dependency_links.txt
[0.688s] writing entry points to ../../../build/webots_ros2_turtlebot/webots_ros2_turtlebot.egg-info/entry_points.txt
[0.688s] writing requirements to ../../../build/webots_ros2_turtlebot/webots_ros2_turtlebot.egg-info/requires.txt
[0.688s] writing top-level names to ../../../build/webots_ros2_turtlebot/webots_ros2_turtlebot.egg-info/top_level.txt
[0.688s] writing manifest file '../../../build/webots_ros2_turtlebot/webots_ros2_turtlebot.egg-info/SOURCES.txt'
[0.690s] reading manifest file '../../../build/webots_ros2_turtlebot/webots_ros2_turtlebot.egg-info/SOURCES.txt'
[0.690s] writing manifest file '../../../build/webots_ros2_turtlebot/webots_ros2_turtlebot.egg-info/SOURCES.txt'
[0.690s] running build
[0.691s] running build_py
[0.691s] creating /mnt/dev/webots_ros2/build/webots_ros2_turtlebot/build
[0.691s] creating /mnt/dev/webots_ros2/build/webots_ros2_turtlebot/build/lib
[0.691s] creating /mnt/dev/webots_ros2/build/webots_ros2_turtlebot/build/lib/webots_ros2_turtlebot
[0.691s] copying webots_ros2_turtlebot/__init__.py -> /mnt/dev/webots_ros2/build/webots_ros2_turtlebot/build/lib/webots_ros2_turtlebot
[0.691s] copying webots_ros2_turtlebot/plugin_example.py -> /mnt/dev/webots_ros2/build/webots_ros2_turtlebot/build/lib/webots_ros2_turtlebot
[0.691s] running install
[0.691s] running install_lib
[0.691s] creating /mnt/dev/webots_ros2/install/webots_ros2_turtlebot/lib/python3.10/site-packages/webots_ros2_turtlebot
[0.691s] copying /mnt/dev/webots_ros2/build/webots_ros2_turtlebot/build/lib/webots_ros2_turtlebot/__init__.py -> /mnt/dev/webots_ros2/install/webots_ros2_turtlebot/lib/python3.10/site-packages/webots_ros2_turtlebot
[0.691s] copying /mnt/dev/webots_ros2/build/webots_ros2_turtlebot/build/lib/webots_ros2_turtlebot/plugin_example.py -> /mnt/dev/webots_ros2/install/webots_ros2_turtlebot/lib/python3.10/site-packages/webots_ros2_turtlebot
[0.692s] byte-compiling /mnt/dev/webots_ros2/install/webots_ros2_turtlebot/lib/python3.10/site-packages/webots_ros2_turtlebot/__init__.py to __init__.cpython-310.pyc
[0.692s] byte-compiling /mnt/dev/webots_ros2/install/webots_ros2_turtlebot/lib/python3.10/site-packages/webots_ros2_turtlebot/plugin_example.py to plugin_example.cpython-310.pyc
[0.692s] running install_data
[0.693s] creating /mnt/dev/webots_ros2/install/webots_ros2_turtlebot/share/ament_index
[0.693s] creating /mnt/dev/webots_ros2/install/webots_ros2_turtlebot/share/ament_index/resource_index
[0.693s] creating /mnt/dev/webots_ros2/install/webots_ros2_turtlebot/share/ament_index/resource_index/packages
[0.693s] copying resource/webots_ros2_turtlebot -> /mnt/dev/webots_ros2/install/webots_ros2_turtlebot/share/ament_index/resource_index/packages
[0.693s] creating /mnt/dev/webots_ros2/install/webots_ros2_turtlebot/share/webots_ros2_turtlebot/launch
[0.693s] copying launch/robot_launch.py -> /mnt/dev/webots_ros2/install/webots_ros2_turtlebot/share/webots_ros2_turtlebot/launch
[0.693s] creating /mnt/dev/webots_ros2/install/webots_ros2_turtlebot/share/webots_ros2_turtlebot/resource
[0.693s] copying resource/turtlebot3_burger_example_map.pgm -> /mnt/dev/webots_ros2/install/webots_ros2_turtlebot/share/webots_ros2_turtlebot/resource
[0.693s] copying resource/turtlebot3_burger_example_map.yaml -> /mnt/dev/webots_ros2/install/webots_ros2_turtlebot/share/webots_ros2_turtlebot/resource
[0.693s] copying resource/turtlebot_webots.urdf -> /mnt/dev/webots_ros2/install/webots_ros2_turtlebot/share/webots_ros2_turtlebot/resource
[0.693s] copying resource/ros2control.yml -> /mnt/dev/webots_ros2/install/webots_ros2_turtlebot/share/webots_ros2_turtlebot/resource
[0.693s] copying resource/nav2_params.yaml -> /mnt/dev/webots_ros2/install/webots_ros2_turtlebot/share/webots_ros2_turtlebot/resource
[0.693s] creating /mnt/dev/webots_ros2/install/webots_ros2_turtlebot/share/webots_ros2_turtlebot/worlds
[0.694s] copying worlds/turtlebot3_burger_example.wbt -> /mnt/dev/webots_ros2/install/webots_ros2_turtlebot/share/webots_ros2_turtlebot/worlds
[0.694s] copying worlds/.turtlebot3_burger_example.wbproj -> /mnt/dev/webots_ros2/install/webots_ros2_turtlebot/share/webots_ros2_turtlebot/worlds
[0.694s] copying package.xml -> /mnt/dev/webots_ros2/install/webots_ros2_turtlebot/share/webots_ros2_turtlebot
[0.694s] running install_egg_info
[0.694s] Copying ../../../build/webots_ros2_turtlebot/webots_ros2_turtlebot.egg-info to /mnt/dev/webots_ros2/install/webots_ros2_turtlebot/lib/python3.10/site-packages/webots_ros2_turtlebot-2023.1.3-py3.10.egg-info
[0.694s] running install_scripts
[0.702s] writing list of installed files to '/mnt/dev/webots_ros2/build/webots_ros2_turtlebot/install.log'
[0.716s] Invoked command in '/mnt/dev/webots_ros2/src/webots_ros2/webots_ros2_turtlebot' returned '0': AMENT_PREFIX_PATH=/mnt/dev/webots_ros2/install/webots_ros2_control:/mnt/dev/webots_ros2/install/webots_ros2_driver:/mnt/dev/webots_ros2/install/webots_ros2_msgs:/mnt/dev/webots_ros2/install/webots_ros2_importer:${AMENT_PREFIX_PATH} CMAKE_PREFIX_PATH=/mnt/dev/webots_ros2/install/webots_ros2_control:/mnt/dev/webots_ros2/install/webots_ros2_driver:/mnt/dev/webots_ros2/install/webots_ros2_msgs LD_LIBRARY_PATH=/mnt/dev/webots_ros2/install/webots_ros2_control/lib:/mnt/dev/webots_ros2/install/webots_ros2_driver/lib:/mnt/dev/webots_ros2/install/webots_ros2_msgs/lib:${LD_LIBRARY_PATH} PYTHONPATH=/mnt/dev/webots_ros2/build/webots_ros2_turtlebot/prefix_override:/usr/lib/python3/dist-packages/colcon_core/task/python/colcon_distutils_commands:/mnt/dev/webots_ros2/install/webots_ros2_turtlebot/lib/python3.10/site-packages:/mnt/dev/webots_ros2/install/webots_ros2_driver/local/lib/python3.10/dist-packages:/mnt/dev/webots_ros2/install/webots_ros2_msgs/local/lib/python3.10/dist-packages:/mnt/dev/webots_ros2/install/webots_ros2_importer/lib/python3.10/site-packages:${PYTHONPATH} /usr/bin/python3 -W ignore:setup.py install is deprecated -W ignore:easy_install command is deprecated setup.py egg_info --egg-base ../../../build/webots_ros2_turtlebot build --build-base /mnt/dev/webots_ros2/build/webots_ros2_turtlebot/build install --record /mnt/dev/webots_ros2/build/webots_ros2_turtlebot/install.log --single-version-externally-managed install_data
