[0.387s] Invoking command in '/mnt/dev/webots_ros2/src/webots_ros2/webots_ros2_tesla': AMENT_PREFIX_PATH=/mnt/dev/webots_ros2/install/webots_ros2_driver:/mnt/dev/webots_ros2/install/webots_ros2_msgs:/mnt/dev/webots_ros2/install/webots_ros2_importer:${AMENT_PREFIX_PATH} CMAKE_PREFIX_PATH=/mnt/dev/webots_ros2/install/webots_ros2_driver:/mnt/dev/webots_ros2/install/webots_ros2_msgs LD_LIBRARY_PATH=/mnt/dev/webots_ros2/install/webots_ros2_driver/lib:/mnt/dev/webots_ros2/install/webots_ros2_msgs/lib:${LD_LIBRARY_PATH} PYTHONPATH=/mnt/dev/webots_ros2/build/webots_ros2_tesla/prefix_override:/usr/lib/python3/dist-packages/colcon_core/task/python/colcon_distutils_commands:/mnt/dev/webots_ros2/install/webots_ros2_tesla/lib/python3.10/site-packages:/mnt/dev/webots_ros2/install/webots_ros2_driver/local/lib/python3.10/dist-packages:/mnt/dev/webots_ros2/install/webots_ros2_msgs/local/lib/python3.10/dist-packages:/mnt/dev/webots_ros2/install/webots_ros2_importer/lib/python3.10/site-packages:${PYTHONPATH} /usr/bin/python3 -W ignore:setup.py install is deprecated -W ignore:easy_install command is deprecated setup.py egg_info --egg-base ../../../build/webots_ros2_tesla build --build-base /mnt/dev/webots_ros2/build/webots_ros2_tesla/build install --record /mnt/dev/webots_ros2/build/webots_ros2_tesla/install.log --single-version-externally-managed install_data
[0.488s] running egg_info
[0.489s] creating ../../../build/webots_ros2_tesla/webots_ros2_tesla.egg-info
[0.489s] writing ../../../build/webots_ros2_tesla/webots_ros2_tesla.egg-info/PKG-INFO
[0.489s] writing dependency_links to ../../../build/webots_ros2_tesla/webots_ros2_tesla.egg-info/dependency_links.txt
[0.489s] writing entry points to ../../../build/webots_ros2_tesla/webots_ros2_tesla.egg-info/entry_points.txt
[0.489s] writing requirements to ../../../build/webots_ros2_tesla/webots_ros2_tesla.egg-info/requires.txt
[0.489s] writing top-level names to ../../../build/webots_ros2_tesla/webots_ros2_tesla.egg-info/top_level.txt
[0.489s] writing manifest file '../../../build/webots_ros2_tesla/webots_ros2_tesla.egg-info/SOURCES.txt'
[0.489s] reading manifest file '../../../build/webots_ros2_tesla/webots_ros2_tesla.egg-info/SOURCES.txt'
[0.489s] writing manifest file '../../../build/webots_ros2_tesla/webots_ros2_tesla.egg-info/SOURCES.txt'
[0.489s] running build
[0.489s] running build_py
[0.489s] creating /mnt/dev/webots_ros2/build/webots_ros2_tesla/build
[0.489s] creating /mnt/dev/webots_ros2/build/webots_ros2_tesla/build/lib
[0.490s] creating /mnt/dev/webots_ros2/build/webots_ros2_tesla/build/lib/webots_ros2_tesla
[0.490s] copying webots_ros2_tesla/__init__.py -> /mnt/dev/webots_ros2/build/webots_ros2_tesla/build/lib/webots_ros2_tesla
[0.490s] copying webots_ros2_tesla/lane_follower.py -> /mnt/dev/webots_ros2/build/webots_ros2_tesla/build/lib/webots_ros2_tesla
[0.490s] copying webots_ros2_tesla/tesla_driver.py -> /mnt/dev/webots_ros2/build/webots_ros2_tesla/build/lib/webots_ros2_tesla
[0.490s] running install
[0.490s] running install_lib
[0.490s] creating /mnt/dev/webots_ros2/install/webots_ros2_tesla/lib/python3.10/site-packages/webots_ros2_tesla
[0.490s] copying /mnt/dev/webots_ros2/build/webots_ros2_tesla/build/lib/webots_ros2_tesla/__init__.py -> /mnt/dev/webots_ros2/install/webots_ros2_tesla/lib/python3.10/site-packages/webots_ros2_tesla
[0.490s] copying /mnt/dev/webots_ros2/build/webots_ros2_tesla/build/lib/webots_ros2_tesla/lane_follower.py -> /mnt/dev/webots_ros2/install/webots_ros2_tesla/lib/python3.10/site-packages/webots_ros2_tesla
[0.490s] copying /mnt/dev/webots_ros2/build/webots_ros2_tesla/build/lib/webots_ros2_tesla/tesla_driver.py -> /mnt/dev/webots_ros2/install/webots_ros2_tesla/lib/python3.10/site-packages/webots_ros2_tesla
[0.490s] byte-compiling /mnt/dev/webots_ros2/install/webots_ros2_tesla/lib/python3.10/site-packages/webots_ros2_tesla/__init__.py to __init__.cpython-310.pyc
[0.490s] byte-compiling /mnt/dev/webots_ros2/install/webots_ros2_tesla/lib/python3.10/site-packages/webots_ros2_tesla/lane_follower.py to lane_follower.cpython-310.pyc
[0.491s] byte-compiling /mnt/dev/webots_ros2/install/webots_ros2_tesla/lib/python3.10/site-packages/webots_ros2_tesla/tesla_driver.py to tesla_driver.cpython-310.pyc
[0.491s] running install_data
[0.491s] creating /mnt/dev/webots_ros2/install/webots_ros2_tesla/share/ament_index
[0.491s] creating /mnt/dev/webots_ros2/install/webots_ros2_tesla/share/ament_index/resource_index
[0.491s] creating /mnt/dev/webots_ros2/install/webots_ros2_tesla/share/ament_index/resource_index/packages
[0.491s] copying resource/webots_ros2_tesla -> /mnt/dev/webots_ros2/install/webots_ros2_tesla/share/ament_index/resource_index/packages
[0.491s] creating /mnt/dev/webots_ros2/install/webots_ros2_tesla/share/webots_ros2_tesla/launch
[0.491s] copying launch/robot_launch.py -> /mnt/dev/webots_ros2/install/webots_ros2_tesla/share/webots_ros2_tesla/launch
[0.491s] creating /mnt/dev/webots_ros2/install/webots_ros2_tesla/share/webots_ros2_tesla/worlds
[0.491s] copying worlds/tesla_world.wbt -> /mnt/dev/webots_ros2/install/webots_ros2_tesla/share/webots_ros2_tesla/worlds
[0.491s] copying worlds/.tesla_world.wbproj -> /mnt/dev/webots_ros2/install/webots_ros2_tesla/share/webots_ros2_tesla/worlds
[0.491s] creating /mnt/dev/webots_ros2/install/webots_ros2_tesla/share/webots_ros2_tesla/resource
[0.491s] copying resource/tesla_webots.urdf -> /mnt/dev/webots_ros2/install/webots_ros2_tesla/share/webots_ros2_tesla/resource
[0.491s] copying package.xml -> /mnt/dev/webots_ros2/install/webots_ros2_tesla/share/webots_ros2_tesla
[0.491s] running install_egg_info
[0.492s] Copying ../../../build/webots_ros2_tesla/webots_ros2_tesla.egg-info to /mnt/dev/webots_ros2/install/webots_ros2_tesla/lib/python3.10/site-packages/webots_ros2_tesla-2023.1.3-py3.10.egg-info
[0.492s] running install_scripts
[0.503s] Installing lane_follower script to /mnt/dev/webots_ros2/install/webots_ros2_tesla/lib/webots_ros2_tesla
[0.504s] writing list of installed files to '/mnt/dev/webots_ros2/build/webots_ros2_tesla/install.log'
[0.516s] Invoked command in '/mnt/dev/webots_ros2/src/webots_ros2/webots_ros2_tesla' returned '0': AMENT_PREFIX_PATH=/mnt/dev/webots_ros2/install/webots_ros2_driver:/mnt/dev/webots_ros2/install/webots_ros2_msgs:/mnt/dev/webots_ros2/install/webots_ros2_importer:${AMENT_PREFIX_PATH} CMAKE_PREFIX_PATH=/mnt/dev/webots_ros2/install/webots_ros2_driver:/mnt/dev/webots_ros2/install/webots_ros2_msgs LD_LIBRARY_PATH=/mnt/dev/webots_ros2/install/webots_ros2_driver/lib:/mnt/dev/webots_ros2/install/webots_ros2_msgs/lib:${LD_LIBRARY_PATH} PYTHONPATH=/mnt/dev/webots_ros2/build/webots_ros2_tesla/prefix_override:/usr/lib/python3/dist-packages/colcon_core/task/python/colcon_distutils_commands:/mnt/dev/webots_ros2/install/webots_ros2_tesla/lib/python3.10/site-packages:/mnt/dev/webots_ros2/install/webots_ros2_driver/local/lib/python3.10/dist-packages:/mnt/dev/webots_ros2/install/webots_ros2_msgs/local/lib/python3.10/dist-packages:/mnt/dev/webots_ros2/install/webots_ros2_importer/lib/python3.10/site-packages:${PYTHONPATH} /usr/bin/python3 -W ignore:setup.py install is deprecated -W ignore:easy_install command is deprecated setup.py egg_info --egg-base ../../../build/webots_ros2_tesla build --build-base /mnt/dev/webots_ros2/build/webots_ros2_tesla/build install --record /mnt/dev/webots_ros2/build/webots_ros2_tesla/install.log --single-version-externally-managed install_data
