[0.589s] Invoking command in '/mnt/dev/webots_ros2/src/webots_ros2/webots_ros2_universal_robot': AMENT_PREFIX_PATH=/mnt/dev/webots_ros2/install/webots_ros2_control:/mnt/dev/webots_ros2/install/webots_ros2_driver:/mnt/dev/webots_ros2/install/webots_ros2_msgs:/mnt/dev/webots_ros2/install/webots_ros2_importer:${AMENT_PREFIX_PATH} CMAKE_PREFIX_PATH=/mnt/dev/webots_ros2/install/webots_ros2_control:/mnt/dev/webots_ros2/install/webots_ros2_driver:/mnt/dev/webots_ros2/install/webots_ros2_msgs LD_LIBRARY_PATH=/mnt/dev/webots_ros2/install/webots_ros2_control/lib:/mnt/dev/webots_ros2/install/webots_ros2_driver/lib:/mnt/dev/webots_ros2/install/webots_ros2_msgs/lib:${LD_LIBRARY_PATH} PYTHONPATH=/mnt/dev/webots_ros2/build/webots_ros2_universal_robot/prefix_override:/usr/lib/python3/dist-packages/colcon_core/task/python/colcon_distutils_commands:/mnt/dev/webots_ros2/install/webots_ros2_universal_robot/lib/python3.10/site-packages:/mnt/dev/webots_ros2/install/webots_ros2_driver/local/lib/python3.10/dist-packages:/mnt/dev/webots_ros2/install/webots_ros2_msgs/local/lib/python3.10/dist-packages:/mnt/dev/webots_ros2/install/webots_ros2_importer/lib/python3.10/site-packages:${PYTHONPATH} /usr/bin/python3 -W ignore:setup.py install is deprecated -W ignore:easy_install command is deprecated setup.py egg_info --egg-base ../../../build/webots_ros2_universal_robot build --build-base /mnt/dev/webots_ros2/build/webots_ros2_universal_robot/build install --record /mnt/dev/webots_ros2/build/webots_ros2_universal_robot/install.log --single-version-externally-managed install_data
[0.688s] running egg_info
[0.688s] creating ../../../build/webots_ros2_universal_robot/webots_ros2_universal_robot.egg-info
[0.689s] writing ../../../build/webots_ros2_universal_robot/webots_ros2_universal_robot.egg-info/PKG-INFO
[0.689s] writing dependency_links to ../../../build/webots_ros2_universal_robot/webots_ros2_universal_robot.egg-info/dependency_links.txt
[0.689s] writing entry points to ../../../build/webots_ros2_universal_robot/webots_ros2_universal_robot.egg-info/entry_points.txt
[0.689s] writing requirements to ../../../build/webots_ros2_universal_robot/webots_ros2_universal_robot.egg-info/requires.txt
[0.689s] writing top-level names to ../../../build/webots_ros2_universal_robot/webots_ros2_universal_robot.egg-info/top_level.txt
[0.689s] writing manifest file '../../../build/webots_ros2_universal_robot/webots_ros2_universal_robot.egg-info/SOURCES.txt'
[0.690s] reading manifest file '../../../build/webots_ros2_universal_robot/webots_ros2_universal_robot.egg-info/SOURCES.txt'
[0.691s] writing manifest file '../../../build/webots_ros2_universal_robot/webots_ros2_universal_robot.egg-info/SOURCES.txt'
[0.691s] running build
[0.691s] running build_py
[0.691s] creating /mnt/dev/webots_ros2/build/webots_ros2_universal_robot/build
[0.691s] creating /mnt/dev/webots_ros2/build/webots_ros2_universal_robot/build/lib
[0.691s] creating /mnt/dev/webots_ros2/build/webots_ros2_universal_robot/build/lib/webots_ros2_universal_robot
[0.691s] copying webots_ros2_universal_robot/ur5e_controller.py -> /mnt/dev/webots_ros2/build/webots_ros2_universal_robot/build/lib/webots_ros2_universal_robot
[0.691s] copying webots_ros2_universal_robot/__init__.py -> /mnt/dev/webots_ros2/build/webots_ros2_universal_robot/build/lib/webots_ros2_universal_robot
[0.691s] copying webots_ros2_universal_robot/abb_controller.py -> /mnt/dev/webots_ros2/build/webots_ros2_universal_robot/build/lib/webots_ros2_universal_robot
[0.691s] copying webots_ros2_universal_robot/follow_joint_trajectory_client.py -> /mnt/dev/webots_ros2/build/webots_ros2_universal_robot/build/lib/webots_ros2_universal_robot
[0.691s] running install
[0.691s] running install_lib
[0.691s] creating /mnt/dev/webots_ros2/install/webots_ros2_universal_robot/lib/python3.10/site-packages/webots_ros2_universal_robot
[0.691s] copying /mnt/dev/webots_ros2/build/webots_ros2_universal_robot/build/lib/webots_ros2_universal_robot/ur5e_controller.py -> /mnt/dev/webots_ros2/install/webots_ros2_universal_robot/lib/python3.10/site-packages/webots_ros2_universal_robot
[0.691s] copying /mnt/dev/webots_ros2/build/webots_ros2_universal_robot/build/lib/webots_ros2_universal_robot/__init__.py -> /mnt/dev/webots_ros2/install/webots_ros2_universal_robot/lib/python3.10/site-packages/webots_ros2_universal_robot
[0.691s] copying /mnt/dev/webots_ros2/build/webots_ros2_universal_robot/build/lib/webots_ros2_universal_robot/abb_controller.py -> /mnt/dev/webots_ros2/install/webots_ros2_universal_robot/lib/python3.10/site-packages/webots_ros2_universal_robot
[0.691s] copying /mnt/dev/webots_ros2/build/webots_ros2_universal_robot/build/lib/webots_ros2_universal_robot/follow_joint_trajectory_client.py -> /mnt/dev/webots_ros2/install/webots_ros2_universal_robot/lib/python3.10/site-packages/webots_ros2_universal_robot
[0.691s] byte-compiling /mnt/dev/webots_ros2/install/webots_ros2_universal_robot/lib/python3.10/site-packages/webots_ros2_universal_robot/ur5e_controller.py to ur5e_controller.cpython-310.pyc
[0.691s] byte-compiling /mnt/dev/webots_ros2/install/webots_ros2_universal_robot/lib/python3.10/site-packages/webots_ros2_universal_robot/__init__.py to __init__.cpython-310.pyc
[0.691s] byte-compiling /mnt/dev/webots_ros2/install/webots_ros2_universal_robot/lib/python3.10/site-packages/webots_ros2_universal_robot/abb_controller.py to abb_controller.cpython-310.pyc
[0.692s] byte-compiling /mnt/dev/webots_ros2/install/webots_ros2_universal_robot/lib/python3.10/site-packages/webots_ros2_universal_robot/follow_joint_trajectory_client.py to follow_joint_trajectory_client.cpython-310.pyc
[0.692s] running install_data
[0.692s] creating /mnt/dev/webots_ros2/install/webots_ros2_universal_robot/share/ament_index
[0.692s] creating /mnt/dev/webots_ros2/install/webots_ros2_universal_robot/share/ament_index/resource_index
[0.692s] creating /mnt/dev/webots_ros2/install/webots_ros2_universal_robot/share/ament_index/resource_index/packages
[0.692s] copying resource/webots_ros2_universal_robot -> /mnt/dev/webots_ros2/install/webots_ros2_universal_robot/share/ament_index/resource_index/packages
[0.692s] creating /mnt/dev/webots_ros2/install/webots_ros2_universal_robot/share/webots_ros2_universal_robot/launch
[0.692s] copying launch/robot_launch/robot_nodes_launch.py -> /mnt/dev/webots_ros2/install/webots_ros2_universal_robot/share/webots_ros2_universal_robot/launch
[0.692s] copying launch/robot_launch/robot_world_launch.py -> /mnt/dev/webots_ros2/install/webots_ros2_universal_robot/share/webots_ros2_universal_robot/launch
[0.692s] copying launch/robot_launch/robot_moveit_nodes_launch.py -> /mnt/dev/webots_ros2/install/webots_ros2_universal_robot/share/webots_ros2_universal_robot/launch
[0.692s] copying launch/multirobot_launch.py -> /mnt/dev/webots_ros2/install/webots_ros2_universal_robot/share/webots_ros2_universal_robot/launch
[0.692s] creating /mnt/dev/webots_ros2/install/webots_ros2_universal_robot/share/webots_ros2_universal_robot/worlds
[0.692s] copying worlds/universal_robot.wbt -> /mnt/dev/webots_ros2/install/webots_ros2_universal_robot/share/webots_ros2_universal_robot/worlds
[0.692s] copying worlds/.universal_robot.wbproj -> /mnt/dev/webots_ros2/install/webots_ros2_universal_robot/share/webots_ros2_universal_robot/worlds
[0.692s] copying worlds/robotic_arms.wbt -> /mnt/dev/webots_ros2/install/webots_ros2_universal_robot/share/webots_ros2_universal_robot/worlds
[0.692s] copying worlds/.robotic_arms.wbproj -> /mnt/dev/webots_ros2/install/webots_ros2_universal_robot/share/webots_ros2_universal_robot/worlds
[0.692s] copying package.xml -> /mnt/dev/webots_ros2/install/webots_ros2_universal_robot/share/webots_ros2_universal_robot
[0.692s] creating /mnt/dev/webots_ros2/install/webots_ros2_universal_robot/share/webots_ros2_universal_robot/resource
[0.692s] copying resource/webots_abb_description.urdf -> /mnt/dev/webots_ros2/install/webots_ros2_universal_robot/share/webots_ros2_universal_robot/resource
[0.692s] copying resource/moveit_ur5e.srdf -> /mnt/dev/webots_ros2/install/webots_ros2_universal_robot/share/webots_ros2_universal_robot/resource
[0.692s] copying resource/ur5e_with_gripper.urdf -> /mnt/dev/webots_ros2/install/webots_ros2_universal_robot/share/webots_ros2_universal_robot/resource
[0.692s] copying resource/moveit_kinematics.yaml -> /mnt/dev/webots_ros2/install/webots_ros2_universal_robot/share/webots_ros2_universal_robot/resource
[0.692s] copying resource/moveit_visualization.rviz -> /mnt/dev/webots_ros2/install/webots_ros2_universal_robot/share/webots_ros2_universal_robot/resource
[0.692s] copying resource/ros2_control_config.yaml -> /mnt/dev/webots_ros2/install/webots_ros2_universal_robot/share/webots_ros2_universal_robot/resource
[0.692s] copying resource/moveit_controllers.yaml -> /mnt/dev/webots_ros2/install/webots_ros2_universal_robot/share/webots_ros2_universal_robot/resource
[0.692s] copying resource/moveit_movegroup.yaml -> /mnt/dev/webots_ros2/install/webots_ros2_universal_robot/share/webots_ros2_universal_robot/resource
[0.692s] copying resource/ros2_control_abb_config.yaml -> /mnt/dev/webots_ros2/install/webots_ros2_universal_robot/share/webots_ros2_universal_robot/resource
[0.692s] copying resource/ur5e_with_gripper.urdf.xacro -> /mnt/dev/webots_ros2/install/webots_ros2_universal_robot/share/webots_ros2_universal_robot/resource
[0.692s] creating /mnt/dev/webots_ros2/install/webots_ros2_universal_robot/share/webots_ros2_universal_robot/resource/robotiq
[0.692s] creating /mnt/dev/webots_ros2/install/webots_ros2_universal_robot/share/webots_ros2_universal_robot/resource/robotiq/robotiq_3f_gripper_visualization
[0.692s] creating /mnt/dev/webots_ros2/install/webots_ros2_universal_robot/share/webots_ros2_universal_robot/resource/robotiq/robotiq_3f_gripper_visualization/cfg
[0.692s] copying resource/robotiq/robotiq_3f_gripper_visualization/cfg/robotiq-3f-gripper_articulated_macro.xacro -> /mnt/dev/webots_ros2/install/webots_ros2_universal_robot/share/webots_ros2_universal_robot/resource/robotiq/robotiq_3f_gripper_visualization/cfg
[0.692s] copying resource/robotiq/robotiq_3f_gripper_visualization/cfg/robotiq-3f-gripper_finger_articulated_macro.xacro -> /mnt/dev/webots_ros2/install/webots_ros2_universal_robot/share/webots_ros2_universal_robot/resource/robotiq/robotiq_3f_gripper_visualization/cfg
[0.692s] creating /mnt/dev/webots_ros2/install/webots_ros2_universal_robot/share/webots_ros2_universal_robot/resource/robotiq/robotiq_3f_gripper_visualization/meshes
[0.692s] creating /mnt/dev/webots_ros2/install/webots_ros2_universal_robot/share/webots_ros2_universal_robot/resource/robotiq/robotiq_3f_gripper_visualization/meshes/robotiq-3f-gripper_articulated
[0.692s] creating /mnt/dev/webots_ros2/install/webots_ros2_universal_robot/share/webots_ros2_universal_robot/resource/robotiq/robotiq_3f_gripper_visualization/meshes/robotiq-3f-gripper_articulated/visual
[0.693s] copying resource/robotiq/robotiq_3f_gripper_visualization/meshes/robotiq-3f-gripper_articulated/visual/link_1.dae -> /mnt/dev/webots_ros2/install/webots_ros2_universal_robot/share/webots_ros2_universal_robot/resource/robotiq/robotiq_3f_gripper_visualization/meshes/robotiq-3f-gripper_articulated/visual
[0.693s] copying resource/robotiq/robotiq_3f_gripper_visualization/meshes/robotiq-3f-gripper_articulated/visual/palm.dae -> /mnt/dev/webots_ros2/install/webots_ros2_universal_robot/share/webots_ros2_universal_robot/resource/robotiq/robotiq_3f_gripper_visualization/meshes/robotiq-3f-gripper_articulated/visual
[0.693s] copying resource/robotiq/robotiq_3f_gripper_visualization/meshes/robotiq-3f-gripper_articulated/visual/link_2.dae -> /mnt/dev/webots_ros2/install/webots_ros2_universal_robot/share/webots_ros2_universal_robot/resource/robotiq/robotiq_3f_gripper_visualization/meshes/robotiq-3f-gripper_articulated/visual
[0.693s] copying resource/robotiq/robotiq_3f_gripper_visualization/meshes/robotiq-3f-gripper_articulated/visual/link_3.dae -> /mnt/dev/webots_ros2/install/webots_ros2_universal_robot/share/webots_ros2_universal_robot/resource/robotiq/robotiq_3f_gripper_visualization/meshes/robotiq-3f-gripper_articulated/visual
[0.693s] copying resource/robotiq/robotiq_3f_gripper_visualization/meshes/robotiq-3f-gripper_articulated/visual/link_0.dae -> /mnt/dev/webots_ros2/install/webots_ros2_universal_robot/share/webots_ros2_universal_robot/resource/robotiq/robotiq_3f_gripper_visualization/meshes/robotiq-3f-gripper_articulated/visual
[0.693s] creating /mnt/dev/webots_ros2/install/webots_ros2_universal_robot/share/webots_ros2_universal_robot/resource/robotiq/robotiq_3f_gripper_visualization/meshes/robotiq-3f-gripper_articulated/collision
[0.693s] copying resource/robotiq/robotiq_3f_gripper_visualization/meshes/robotiq-3f-gripper_articulated/collision/link_0.STL -> /mnt/dev/webots_ros2/install/webots_ros2_universal_robot/share/webots_ros2_universal_robot/resource/robotiq/robotiq_3f_gripper_visualization/meshes/robotiq-3f-gripper_articulated/collision
[0.693s] copying resource/robotiq/robotiq_3f_gripper_visualization/meshes/robotiq-3f-gripper_articulated/collision/link_1.STL -> /mnt/dev/webots_ros2/install/webots_ros2_universal_robot/share/webots_ros2_universal_robot/resource/robotiq/robotiq_3f_gripper_visualization/meshes/robotiq-3f-gripper_articulated/collision
[0.693s] copying resource/robotiq/robotiq_3f_gripper_visualization/meshes/robotiq-3f-gripper_articulated/collision/link_3.STL -> /mnt/dev/webots_ros2/install/webots_ros2_universal_robot/share/webots_ros2_universal_robot/resource/robotiq/robotiq_3f_gripper_visualization/meshes/robotiq-3f-gripper_articulated/collision
[0.693s] copying resource/robotiq/robotiq_3f_gripper_visualization/meshes/robotiq-3f-gripper_articulated/collision/palm.STL -> /mnt/dev/webots_ros2/install/webots_ros2_universal_robot/share/webots_ros2_universal_robot/resource/robotiq/robotiq_3f_gripper_visualization/meshes/robotiq-3f-gripper_articulated/collision
[0.693s] copying resource/robotiq/robotiq_3f_gripper_visualization/meshes/robotiq-3f-gripper_articulated/collision/link_2.STL -> /mnt/dev/webots_ros2/install/webots_ros2_universal_robot/share/webots_ros2_universal_robot/resource/robotiq/robotiq_3f_gripper_visualization/meshes/robotiq-3f-gripper_articulated/collision
[0.693s] creating /mnt/dev/webots_ros2/install/webots_ros2_universal_robot/share/webots_ros2_universal_robot/resource/Universal_Robots_ROS2_Driver
[0.693s] creating /mnt/dev/webots_ros2/install/webots_ros2_universal_robot/share/webots_ros2_universal_robot/resource/Universal_Robots_ROS2_Driver/ur_description
[0.693s] creating /mnt/dev/webots_ros2/install/webots_ros2_universal_robot/share/webots_ros2_universal_robot/resource/Universal_Robots_ROS2_Driver/ur_description/urdf
[0.693s] copying resource/Universal_Robots_ROS2_Driver/ur_description/urdf/ur.urdf.xacro -> /mnt/dev/webots_ros2/install/webots_ros2_universal_robot/share/webots_ros2_universal_robot/resource/Universal_Robots_ROS2_Driver/ur_description/urdf
[0.693s] copying resource/Universal_Robots_ROS2_Driver/ur_description/urdf/ur_macro.xacro -> /mnt/dev/webots_ros2/install/webots_ros2_universal_robot/share/webots_ros2_universal_robot/resource/Universal_Robots_ROS2_Driver/ur_description/urdf
[0.693s] copying resource/Universal_Robots_ROS2_Driver/ur_description/urdf/ur.ros2_control.xacro -> /mnt/dev/webots_ros2/install/webots_ros2_universal_robot/share/webots_ros2_universal_robot/resource/Universal_Robots_ROS2_Driver/ur_description/urdf
[0.693s] creating /mnt/dev/webots_ros2/install/webots_ros2_universal_robot/share/webots_ros2_universal_robot/resource/Universal_Robots_ROS2_Driver/ur_description/urdf/inc
[0.693s] copying resource/Universal_Robots_ROS2_Driver/ur_description/urdf/inc/ur_transmissions.xacro -> /mnt/dev/webots_ros2/install/webots_ros2_universal_robot/share/webots_ros2_universal_robot/resource/Universal_Robots_ROS2_Driver/ur_description/urdf/inc
[0.693s] copying resource/Universal_Robots_ROS2_Driver/ur_description/urdf/inc/ur_common.xacro -> /mnt/dev/webots_ros2/install/webots_ros2_universal_robot/share/webots_ros2_universal_robot/resource/Universal_Robots_ROS2_Driver/ur_description/urdf/inc
[0.693s] creating /mnt/dev/webots_ros2/install/webots_ros2_universal_robot/share/webots_ros2_universal_robot/resource/Universal_Robots_ROS2_Driver/ur_description/config
[0.693s] copying resource/Universal_Robots_ROS2_Driver/ur_description/config/initial_positions.yaml -> /mnt/dev/webots_ros2/install/webots_ros2_universal_robot/share/webots_ros2_universal_robot/resource/Universal_Robots_ROS2_Driver/ur_description/config
[0.693s] creating /mnt/dev/webots_ros2/install/webots_ros2_universal_robot/share/webots_ros2_universal_robot/resource/Universal_Robots_ROS2_Driver/ur_description/config/ur5e
[0.693s] copying resource/Universal_Robots_ROS2_Driver/ur_description/config/ur5e/physical_parameters.yaml -> /mnt/dev/webots_ros2/install/webots_ros2_universal_robot/share/webots_ros2_universal_robot/resource/Universal_Robots_ROS2_Driver/ur_description/config/ur5e
[0.693s] copying resource/Universal_Robots_ROS2_Driver/ur_description/config/ur5e/default_kinematics.yaml -> /mnt/dev/webots_ros2/install/webots_ros2_universal_robot/share/webots_ros2_universal_robot/resource/Universal_Robots_ROS2_Driver/ur_description/config/ur5e
[0.693s] copying resource/Universal_Robots_ROS2_Driver/ur_description/config/ur5e/visual_parameters.yaml -> /mnt/dev/webots_ros2/install/webots_ros2_universal_robot/share/webots_ros2_universal_robot/resource/Universal_Robots_ROS2_Driver/ur_description/config/ur5e
[0.693s] copying resource/Universal_Robots_ROS2_Driver/ur_description/config/ur5e/joint_limits.yaml -> /mnt/dev/webots_ros2/install/webots_ros2_universal_robot/share/webots_ros2_universal_robot/resource/Universal_Robots_ROS2_Driver/ur_description/config/ur5e
[0.693s] creating /mnt/dev/webots_ros2/install/webots_ros2_universal_robot/share/webots_ros2_universal_robot/resource/Universal_Robots_ROS2_Driver/ur_description/meshes
[0.693s] creating /mnt/dev/webots_ros2/install/webots_ros2_universal_robot/share/webots_ros2_universal_robot/resource/Universal_Robots_ROS2_Driver/ur_description/meshes/ur5e
[0.693s] creating /mnt/dev/webots_ros2/install/webots_ros2_universal_robot/share/webots_ros2_universal_robot/resource/Universal_Robots_ROS2_Driver/ur_description/meshes/ur5e/visual
[0.693s] copying resource/Universal_Robots_ROS2_Driver/ur_description/meshes/ur5e/visual/shoulder.dae -> /mnt/dev/webots_ros2/install/webots_ros2_universal_robot/share/webots_ros2_universal_robot/resource/Universal_Robots_ROS2_Driver/ur_description/meshes/ur5e/visual
[0.693s] copying resource/Universal_Robots_ROS2_Driver/ur_description/meshes/ur5e/visual/forearm.dae -> /mnt/dev/webots_ros2/install/webots_ros2_universal_robot/share/webots_ros2_universal_robot/resource/Universal_Robots_ROS2_Driver/ur_description/meshes/ur5e/visual
[0.693s] copying resource/Universal_Robots_ROS2_Driver/ur_description/meshes/ur5e/visual/wrist2.dae -> /mnt/dev/webots_ros2/install/webots_ros2_universal_robot/share/webots_ros2_universal_robot/resource/Universal_Robots_ROS2_Driver/ur_description/meshes/ur5e/visual
[0.694s] copying resource/Universal_Robots_ROS2_Driver/ur_description/meshes/ur5e/visual/upperarm.dae -> /mnt/dev/webots_ros2/install/webots_ros2_universal_robot/share/webots_ros2_universal_robot/resource/Universal_Robots_ROS2_Driver/ur_description/meshes/ur5e/visual
[0.695s] copying resource/Universal_Robots_ROS2_Driver/ur_description/meshes/ur5e/visual/wrist3.dae -> /mnt/dev/webots_ros2/install/webots_ros2_universal_robot/share/webots_ros2_universal_robot/resource/Universal_Robots_ROS2_Driver/ur_description/meshes/ur5e/visual
[0.695s] copying resource/Universal_Robots_ROS2_Driver/ur_description/meshes/ur5e/visual/base.dae -> /mnt/dev/webots_ros2/install/webots_ros2_universal_robot/share/webots_ros2_universal_robot/resource/Universal_Robots_ROS2_Driver/ur_description/meshes/ur5e/visual
[0.696s] copying resource/Universal_Robots_ROS2_Driver/ur_description/meshes/ur5e/visual/wrist1.dae -> /mnt/dev/webots_ros2/install/webots_ros2_universal_robot/share/webots_ros2_universal_robot/resource/Universal_Robots_ROS2_Driver/ur_description/meshes/ur5e/visual
[0.696s] creating /mnt/dev/webots_ros2/install/webots_ros2_universal_robot/share/webots_ros2_universal_robot/resource/Universal_Robots_ROS2_Driver/ur_description/meshes/ur5e/collision
[0.696s] copying resource/Universal_Robots_ROS2_Driver/ur_description/meshes/ur5e/collision/forearm.stl -> /mnt/dev/webots_ros2/install/webots_ros2_universal_robot/share/webots_ros2_universal_robot/resource/Universal_Robots_ROS2_Driver/ur_description/meshes/ur5e/collision
[0.696s] copying resource/Universal_Robots_ROS2_Driver/ur_description/meshes/ur5e/collision/upperarm.stl -> /mnt/dev/webots_ros2/install/webots_ros2_universal_robot/share/webots_ros2_universal_robot/resource/Universal_Robots_ROS2_Driver/ur_description/meshes/ur5e/collision
[0.696s] copying resource/Universal_Robots_ROS2_Driver/ur_description/meshes/ur5e/collision/wrist1.stl -> /mnt/dev/webots_ros2/install/webots_ros2_universal_robot/share/webots_ros2_universal_robot/resource/Universal_Robots_ROS2_Driver/ur_description/meshes/ur5e/collision
[0.696s] copying resource/Universal_Robots_ROS2_Driver/ur_description/meshes/ur5e/collision/wrist3.stl -> /mnt/dev/webots_ros2/install/webots_ros2_universal_robot/share/webots_ros2_universal_robot/resource/Universal_Robots_ROS2_Driver/ur_description/meshes/ur5e/collision
[0.696s] copying resource/Universal_Robots_ROS2_Driver/ur_description/meshes/ur5e/collision/shoulder.stl -> /mnt/dev/webots_ros2/install/webots_ros2_universal_robot/share/webots_ros2_universal_robot/resource/Universal_Robots_ROS2_Driver/ur_description/meshes/ur5e/collision
[0.696s] copying resource/Universal_Robots_ROS2_Driver/ur_description/meshes/ur5e/collision/wrist2.stl -> /mnt/dev/webots_ros2/install/webots_ros2_universal_robot/share/webots_ros2_universal_robot/resource/Universal_Robots_ROS2_Driver/ur_description/meshes/ur5e/collision
[0.696s] copying resource/Universal_Robots_ROS2_Driver/ur_description/meshes/ur5e/collision/base.stl -> /mnt/dev/webots_ros2/install/webots_ros2_universal_robot/share/webots_ros2_universal_robot/resource/Universal_Robots_ROS2_Driver/ur_description/meshes/ur5e/collision
[0.696s] running install_egg_info
[0.697s] Copying ../../../build/webots_ros2_universal_robot/webots_ros2_universal_robot.egg-info to /mnt/dev/webots_ros2/install/webots_ros2_universal_robot/lib/python3.10/site-packages/webots_ros2_universal_robot-2023.1.3-py3.10.egg-info
[0.698s] running install_scripts
[0.709s] Installing abb_controller script to /mnt/dev/webots_ros2/install/webots_ros2_universal_robot/lib/webots_ros2_universal_robot
[0.709s] Installing ur5e_controller script to /mnt/dev/webots_ros2/install/webots_ros2_universal_robot/lib/webots_ros2_universal_robot
[0.709s] writing list of installed files to '/mnt/dev/webots_ros2/build/webots_ros2_universal_robot/install.log'
[0.722s] Invoked command in '/mnt/dev/webots_ros2/src/webots_ros2/webots_ros2_universal_robot' returned '0': AMENT_PREFIX_PATH=/mnt/dev/webots_ros2/install/webots_ros2_control:/mnt/dev/webots_ros2/install/webots_ros2_driver:/mnt/dev/webots_ros2/install/webots_ros2_msgs:/mnt/dev/webots_ros2/install/webots_ros2_importer:${AMENT_PREFIX_PATH} CMAKE_PREFIX_PATH=/mnt/dev/webots_ros2/install/webots_ros2_control:/mnt/dev/webots_ros2/install/webots_ros2_driver:/mnt/dev/webots_ros2/install/webots_ros2_msgs LD_LIBRARY_PATH=/mnt/dev/webots_ros2/install/webots_ros2_control/lib:/mnt/dev/webots_ros2/install/webots_ros2_driver/lib:/mnt/dev/webots_ros2/install/webots_ros2_msgs/lib:${LD_LIBRARY_PATH} PYTHONPATH=/mnt/dev/webots_ros2/build/webots_ros2_universal_robot/prefix_override:/usr/lib/python3/dist-packages/colcon_core/task/python/colcon_distutils_commands:/mnt/dev/webots_ros2/install/webots_ros2_universal_robot/lib/python3.10/site-packages:/mnt/dev/webots_ros2/install/webots_ros2_driver/local/lib/python3.10/dist-packages:/mnt/dev/webots_ros2/install/webots_ros2_msgs/local/lib/python3.10/dist-packages:/mnt/dev/webots_ros2/install/webots_ros2_importer/lib/python3.10/site-packages:${PYTHONPATH} /usr/bin/python3 -W ignore:setup.py install is deprecated -W ignore:easy_install command is deprecated setup.py egg_info --egg-base ../../../build/webots_ros2_universal_robot build --build-base /mnt/dev/webots_ros2/build/webots_ros2_universal_robot/build install --record /mnt/dev/webots_ros2/build/webots_ros2_universal_robot/install.log --single-version-externally-managed install_data
