/mnt/dev/webots_ros2/install/webots_ros2_tiago/share/ament_index/resource_index/packages/webots_ros2_tiago
/mnt/dev/webots_ros2/install/webots_ros2_tiago/share/webots_ros2_tiago/launch/robot_launch.py
/mnt/dev/webots_ros2/install/webots_ros2_tiago/share/webots_ros2_tiago/launch/robot_bringup_launch.py
/mnt/dev/webots_ros2/install/webots_ros2_tiago/share/webots_ros2_tiago/resource/tiago_webots.urdf
/mnt/dev/webots_ros2/install/webots_ros2_tiago/share/webots_ros2_tiago/resource/tiago_bringup_webots.urdf
/mnt/dev/webots_ros2/install/webots_ros2_tiago/share/webots_ros2_tiago/resource/ros2_control.yml
/mnt/dev/webots_ros2/install/webots_ros2_tiago/share/webots_ros2_tiago/resource/ros2_control_bringup.yml
/mnt/dev/webots_ros2/install/webots_ros2_tiago/share/webots_ros2_tiago/resource/nav2_params.yaml
/mnt/dev/webots_ros2/install/webots_ros2_tiago/share/webots_ros2_tiago/resource/nav2_params_iron.yaml
/mnt/dev/webots_ros2/install/webots_ros2_tiago/share/webots_ros2_tiago/resource/default.rviz
/mnt/dev/webots_ros2/install/webots_ros2_tiago/share/webots_ros2_tiago/resource/default_bringup.rviz
/mnt/dev/webots_ros2/install/webots_ros2_tiago/share/webots_ros2_tiago/resource/map.pgm
/mnt/dev/webots_ros2/install/webots_ros2_tiago/share/webots_ros2_tiago/resource/map.yaml
/mnt/dev/webots_ros2/install/webots_ros2_tiago/share/webots_ros2_tiago/resource/cartographer.lua
/mnt/dev/webots_ros2/install/webots_ros2_tiago/share/webots_ros2_tiago/resource/slam_toolbox_params.yaml
/mnt/dev/webots_ros2/install/webots_ros2_tiago/share/webots_ros2_tiago/package.xml
/mnt/dev/webots_ros2/install/webots_ros2_tiago/share/webots_ros2_tiago/worlds/default.wbt
/mnt/dev/webots_ros2/install/webots_ros2_tiago/share/webots_ros2_tiago/worlds/.default.wbproj
/mnt/dev/webots_ros2/install/webots_ros2_tiago/share/webots_ros2_tiago/worlds/default_bringup.wbt
/mnt/dev/webots_ros2/install/webots_ros2_tiago/share/webots_ros2_tiago/worlds/.default_bringup.wbproj
/mnt/dev/webots_ros2/install/webots_ros2_tiago/lib/python3.10/site-packages/webots_ros2_tiago-2023.1.3-py3.10.egg-info/zip-safe
/mnt/dev/webots_ros2/install/webots_ros2_tiago/lib/python3.10/site-packages/webots_ros2_tiago-2023.1.3-py3.10.egg-info/requires.txt
/mnt/dev/webots_ros2/install/webots_ros2_tiago/lib/python3.10/site-packages/webots_ros2_tiago-2023.1.3-py3.10.egg-info/PKG-INFO
/mnt/dev/webots_ros2/install/webots_ros2_tiago/lib/python3.10/site-packages/webots_ros2_tiago-2023.1.3-py3.10.egg-info/SOURCES.txt
/mnt/dev/webots_ros2/install/webots_ros2_tiago/lib/python3.10/site-packages/webots_ros2_tiago-2023.1.3-py3.10.egg-info/entry_points.txt
/mnt/dev/webots_ros2/install/webots_ros2_tiago/lib/python3.10/site-packages/webots_ros2_tiago-2023.1.3-py3.10.egg-info/top_level.txt
/mnt/dev/webots_ros2/install/webots_ros2_tiago/lib/python3.10/site-packages/webots_ros2_tiago-2023.1.3-py3.10.egg-info/dependency_links.txt
