/mnt/dev/webots_ros2/install/webots_ros2_turtlebot/lib/python3.10/site-packages/webots_ros2_turtlebot/__init__.py
/mnt/dev/webots_ros2/install/webots_ros2_turtlebot/lib/python3.10/site-packages/webots_ros2_turtlebot/plugin_example.py
/mnt/dev/webots_ros2/install/webots_ros2_turtlebot/lib/python3.10/site-packages/webots_ros2_turtlebot/__pycache__/__init__.cpython-310.pyc
/mnt/dev/webots_ros2/install/webots_ros2_turtlebot/lib/python3.10/site-packages/webots_ros2_turtlebot/__pycache__/plugin_example.cpython-310.pyc
/mnt/dev/webots_ros2/install/webots_ros2_turtlebot/share/ament_index/resource_index/packages/webots_ros2_turtlebot
/mnt/dev/webots_ros2/install/webots_ros2_turtlebot/share/webots_ros2_turtlebot/launch/robot_launch.py
/mnt/dev/webots_ros2/install/webots_ros2_turtlebot/share/webots_ros2_turtlebot/resource/turtlebot3_burger_example_map.pgm
/mnt/dev/webots_ros2/install/webots_ros2_turtlebot/share/webots_ros2_turtlebot/resource/turtlebot3_burger_example_map.yaml
/mnt/dev/webots_ros2/install/webots_ros2_turtlebot/share/webots_ros2_turtlebot/resource/turtlebot_webots.urdf
/mnt/dev/webots_ros2/install/webots_ros2_turtlebot/share/webots_ros2_turtlebot/resource/ros2control.yml
/mnt/dev/webots_ros2/install/webots_ros2_turtlebot/share/webots_ros2_turtlebot/resource/nav2_params.yaml
/mnt/dev/webots_ros2/install/webots_ros2_turtlebot/share/webots_ros2_turtlebot/worlds/turtlebot3_burger_example.wbt
/mnt/dev/webots_ros2/install/webots_ros2_turtlebot/share/webots_ros2_turtlebot/worlds/.turtlebot3_burger_example.wbproj
/mnt/dev/webots_ros2/install/webots_ros2_turtlebot/share/webots_ros2_turtlebot/package.xml
/mnt/dev/webots_ros2/install/webots_ros2_turtlebot/lib/python3.10/site-packages/webots_ros2_turtlebot-2023.1.3-py3.10.egg-info/zip-safe
/mnt/dev/webots_ros2/install/webots_ros2_turtlebot/lib/python3.10/site-packages/webots_ros2_turtlebot-2023.1.3-py3.10.egg-info/requires.txt
/mnt/dev/webots_ros2/install/webots_ros2_turtlebot/lib/python3.10/site-packages/webots_ros2_turtlebot-2023.1.3-py3.10.egg-info/PKG-INFO
/mnt/dev/webots_ros2/install/webots_ros2_turtlebot/lib/python3.10/site-packages/webots_ros2_turtlebot-2023.1.3-py3.10.egg-info/SOURCES.txt
/mnt/dev/webots_ros2/install/webots_ros2_turtlebot/lib/python3.10/site-packages/webots_ros2_turtlebot-2023.1.3-py3.10.egg-info/entry_points.txt
/mnt/dev/webots_ros2/install/webots_ros2_turtlebot/lib/python3.10/site-packages/webots_ros2_turtlebot-2023.1.3-py3.10.egg-info/top_level.txt
/mnt/dev/webots_ros2/install/webots_ros2_turtlebot/lib/python3.10/site-packages/webots_ros2_turtlebot-2023.1.3-py3.10.egg-info/dependency_links.txt
