running egg_info
creating ../../../build/webots_ros2_mavic/webots_ros2_mavic.egg-info
writing ../../../build/webots_ros2_mavic/webots_ros2_mavic.egg-info/PKG-INFO
writing dependency_links to ../../../build/webots_ros2_mavic/webots_ros2_mavic.egg-info/dependency_links.txt
writing entry points to ../../../build/webots_ros2_mavic/webots_ros2_mavic.egg-info/entry_points.txt
writing requirements to ../../../build/webots_ros2_mavic/webots_ros2_mavic.egg-info/requires.txt
writing top-level names to ../../../build/webots_ros2_mavic/webots_ros2_mavic.egg-info/top_level.txt
writing manifest file '../../../build/webots_ros2_mavic/webots_ros2_mavic.egg-info/SOURCES.txt'
reading manifest file '../../../build/webots_ros2_mavic/webots_ros2_mavic.egg-info/SOURCES.txt'
writing manifest file '../../../build/webots_ros2_mavic/webots_ros2_mavic.egg-info/SOURCES.txt'
running build
running build_py
creating /mnt/dev/webots_ros2/build/webots_ros2_mavic/build
creating /mnt/dev/webots_ros2/build/webots_ros2_mavic/build/lib
creating /mnt/dev/webots_ros2/build/webots_ros2_mavic/build/lib/webots_ros2_mavic
copying webots_ros2_mavic/mavic_driver.py -> /mnt/dev/webots_ros2/build/webots_ros2_mavic/build/lib/webots_ros2_mavic
copying webots_ros2_mavic/__init__.py -> /mnt/dev/webots_ros2/build/webots_ros2_mavic/build/lib/webots_ros2_mavic
running install
running install_lib
creating /mnt/dev/webots_ros2/install/webots_ros2_mavic/lib/python3.10/site-packages/webots_ros2_mavic
copying /mnt/dev/webots_ros2/build/webots_ros2_mavic/build/lib/webots_ros2_mavic/mavic_driver.py -> /mnt/dev/webots_ros2/install/webots_ros2_mavic/lib/python3.10/site-packages/webots_ros2_mavic
copying /mnt/dev/webots_ros2/build/webots_ros2_mavic/build/lib/webots_ros2_mavic/__init__.py -> /mnt/dev/webots_ros2/install/webots_ros2_mavic/lib/python3.10/site-packages/webots_ros2_mavic
byte-compiling /mnt/dev/webots_ros2/install/webots_ros2_mavic/lib/python3.10/site-packages/webots_ros2_mavic/mavic_driver.py to mavic_driver.cpython-310.pyc
byte-compiling /mnt/dev/webots_ros2/install/webots_ros2_mavic/lib/python3.10/site-packages/webots_ros2_mavic/__init__.py to __init__.cpython-310.pyc
running install_data
creating /mnt/dev/webots_ros2/install/webots_ros2_mavic/share/ament_index
creating /mnt/dev/webots_ros2/install/webots_ros2_mavic/share/ament_index/resource_index
creating /mnt/dev/webots_ros2/install/webots_ros2_mavic/share/ament_index/resource_index/packages
copying resource/webots_ros2_mavic -> /mnt/dev/webots_ros2/install/webots_ros2_mavic/share/ament_index/resource_index/packages
creating /mnt/dev/webots_ros2/install/webots_ros2_mavic/share/webots_ros2_mavic/launch
copying launch/robot_launch.py -> /mnt/dev/webots_ros2/install/webots_ros2_mavic/share/webots_ros2_mavic/launch
creating /mnt/dev/webots_ros2/install/webots_ros2_mavic/share/webots_ros2_mavic/worlds
copying worlds/mavic_world.wbt -> /mnt/dev/webots_ros2/install/webots_ros2_mavic/share/webots_ros2_mavic/worlds
copying worlds/.mavic_world.wbproj -> /mnt/dev/webots_ros2/install/webots_ros2_mavic/share/webots_ros2_mavic/worlds
creating /mnt/dev/webots_ros2/install/webots_ros2_mavic/share/webots_ros2_mavic/resource
copying resource/mavic_webots.urdf -> /mnt/dev/webots_ros2/install/webots_ros2_mavic/share/webots_ros2_mavic/resource
copying package.xml -> /mnt/dev/webots_ros2/install/webots_ros2_mavic/share/webots_ros2_mavic
running install_egg_info
Copying ../../../build/webots_ros2_mavic/webots_ros2_mavic.egg-info to /mnt/dev/webots_ros2/install/webots_ros2_mavic/lib/python3.10/site-packages/webots_ros2_mavic-2023.1.3-py3.10.egg-info
running install_scripts
writing list of installed files to '/mnt/dev/webots_ros2/build/webots_ros2_mavic/install.log'
