[0.386s] Invoking command in '/mnt/dev/webots_ros2/src/webots_ros2/webots_ros2_mavic': AMENT_PREFIX_PATH=/mnt/dev/webots_ros2/install/webots_ros2_driver:/mnt/dev/webots_ros2/install/webots_ros2_msgs:/mnt/dev/webots_ros2/install/webots_ros2_importer:${AMENT_PREFIX_PATH} CMAKE_PREFIX_PATH=/mnt/dev/webots_ros2/install/webots_ros2_driver:/mnt/dev/webots_ros2/install/webots_ros2_msgs LD_LIBRARY_PATH=/mnt/dev/webots_ros2/install/webots_ros2_driver/lib:/mnt/dev/webots_ros2/install/webots_ros2_msgs/lib:${LD_LIBRARY_PATH} PYTHONPATH=/mnt/dev/webots_ros2/build/webots_ros2_mavic/prefix_override:/usr/lib/python3/dist-packages/colcon_core/task/python/colcon_distutils_commands:/mnt/dev/webots_ros2/install/webots_ros2_mavic/lib/python3.10/site-packages:/mnt/dev/webots_ros2/install/webots_ros2_driver/local/lib/python3.10/dist-packages:/mnt/dev/webots_ros2/install/webots_ros2_msgs/local/lib/python3.10/dist-packages:/mnt/dev/webots_ros2/install/webots_ros2_importer/lib/python3.10/site-packages:${PYTHONPATH} /usr/bin/python3 -W ignore:setup.py install is deprecated -W ignore:easy_install command is deprecated setup.py egg_info --egg-base ../../../build/webots_ros2_mavic build --build-base /mnt/dev/webots_ros2/build/webots_ros2_mavic/build install --record /mnt/dev/webots_ros2/build/webots_ros2_mavic/install.log --single-version-externally-managed install_data
[0.487s] running egg_info
[0.487s] creating ../../../build/webots_ros2_mavic/webots_ros2_mavic.egg-info
[0.487s] writing ../../../build/webots_ros2_mavic/webots_ros2_mavic.egg-info/PKG-INFO
[0.487s] writing dependency_links to ../../../build/webots_ros2_mavic/webots_ros2_mavic.egg-info/dependency_links.txt
[0.487s] writing entry points to ../../../build/webots_ros2_mavic/webots_ros2_mavic.egg-info/entry_points.txt
[0.487s] writing requirements to ../../../build/webots_ros2_mavic/webots_ros2_mavic.egg-info/requires.txt
[0.487s] writing top-level names to ../../../build/webots_ros2_mavic/webots_ros2_mavic.egg-info/top_level.txt
[0.488s] writing manifest file '../../../build/webots_ros2_mavic/webots_ros2_mavic.egg-info/SOURCES.txt'
[0.488s] reading manifest file '../../../build/webots_ros2_mavic/webots_ros2_mavic.egg-info/SOURCES.txt'
[0.488s] writing manifest file '../../../build/webots_ros2_mavic/webots_ros2_mavic.egg-info/SOURCES.txt'
[0.488s] running build
[0.489s] running build_py
[0.489s] creating /mnt/dev/webots_ros2/build/webots_ros2_mavic/build
[0.489s] creating /mnt/dev/webots_ros2/build/webots_ros2_mavic/build/lib
[0.489s] creating /mnt/dev/webots_ros2/build/webots_ros2_mavic/build/lib/webots_ros2_mavic
[0.489s] copying webots_ros2_mavic/mavic_driver.py -> /mnt/dev/webots_ros2/build/webots_ros2_mavic/build/lib/webots_ros2_mavic
[0.489s] copying webots_ros2_mavic/__init__.py -> /mnt/dev/webots_ros2/build/webots_ros2_mavic/build/lib/webots_ros2_mavic
[0.489s] running install
[0.489s] running install_lib
[0.489s] creating /mnt/dev/webots_ros2/install/webots_ros2_mavic/lib/python3.10/site-packages/webots_ros2_mavic
[0.489s] copying /mnt/dev/webots_ros2/build/webots_ros2_mavic/build/lib/webots_ros2_mavic/mavic_driver.py -> /mnt/dev/webots_ros2/install/webots_ros2_mavic/lib/python3.10/site-packages/webots_ros2_mavic
[0.489s] copying /mnt/dev/webots_ros2/build/webots_ros2_mavic/build/lib/webots_ros2_mavic/__init__.py -> /mnt/dev/webots_ros2/install/webots_ros2_mavic/lib/python3.10/site-packages/webots_ros2_mavic
[0.490s] byte-compiling /mnt/dev/webots_ros2/install/webots_ros2_mavic/lib/python3.10/site-packages/webots_ros2_mavic/mavic_driver.py to mavic_driver.cpython-310.pyc
[0.490s] byte-compiling /mnt/dev/webots_ros2/install/webots_ros2_mavic/lib/python3.10/site-packages/webots_ros2_mavic/__init__.py to __init__.cpython-310.pyc
[0.490s] running install_data
[0.490s] creating /mnt/dev/webots_ros2/install/webots_ros2_mavic/share/ament_index
[0.490s] creating /mnt/dev/webots_ros2/install/webots_ros2_mavic/share/ament_index/resource_index
[0.490s] creating /mnt/dev/webots_ros2/install/webots_ros2_mavic/share/ament_index/resource_index/packages
[0.491s] copying resource/webots_ros2_mavic -> /mnt/dev/webots_ros2/install/webots_ros2_mavic/share/ament_index/resource_index/packages
[0.491s] creating /mnt/dev/webots_ros2/install/webots_ros2_mavic/share/webots_ros2_mavic/launch
[0.491s] copying launch/robot_launch.py -> /mnt/dev/webots_ros2/install/webots_ros2_mavic/share/webots_ros2_mavic/launch
[0.491s] creating /mnt/dev/webots_ros2/install/webots_ros2_mavic/share/webots_ros2_mavic/worlds
[0.491s] copying worlds/mavic_world.wbt -> /mnt/dev/webots_ros2/install/webots_ros2_mavic/share/webots_ros2_mavic/worlds
[0.491s] copying worlds/.mavic_world.wbproj -> /mnt/dev/webots_ros2/install/webots_ros2_mavic/share/webots_ros2_mavic/worlds
[0.491s] creating /mnt/dev/webots_ros2/install/webots_ros2_mavic/share/webots_ros2_mavic/resource
[0.491s] copying resource/mavic_webots.urdf -> /mnt/dev/webots_ros2/install/webots_ros2_mavic/share/webots_ros2_mavic/resource
[0.491s] copying package.xml -> /mnt/dev/webots_ros2/install/webots_ros2_mavic/share/webots_ros2_mavic
[0.491s] running install_egg_info
[0.491s] Copying ../../../build/webots_ros2_mavic/webots_ros2_mavic.egg-info to /mnt/dev/webots_ros2/install/webots_ros2_mavic/lib/python3.10/site-packages/webots_ros2_mavic-2023.1.3-py3.10.egg-info
[0.492s] running install_scripts
[0.502s] writing list of installed files to '/mnt/dev/webots_ros2/build/webots_ros2_mavic/install.log'
[0.514s] Invoked command in '/mnt/dev/webots_ros2/src/webots_ros2/webots_ros2_mavic' returned '0': AMENT_PREFIX_PATH=/mnt/dev/webots_ros2/install/webots_ros2_driver:/mnt/dev/webots_ros2/install/webots_ros2_msgs:/mnt/dev/webots_ros2/install/webots_ros2_importer:${AMENT_PREFIX_PATH} CMAKE_PREFIX_PATH=/mnt/dev/webots_ros2/install/webots_ros2_driver:/mnt/dev/webots_ros2/install/webots_ros2_msgs LD_LIBRARY_PATH=/mnt/dev/webots_ros2/install/webots_ros2_driver/lib:/mnt/dev/webots_ros2/install/webots_ros2_msgs/lib:${LD_LIBRARY_PATH} PYTHONPATH=/mnt/dev/webots_ros2/build/webots_ros2_mavic/prefix_override:/usr/lib/python3/dist-packages/colcon_core/task/python/colcon_distutils_commands:/mnt/dev/webots_ros2/install/webots_ros2_mavic/lib/python3.10/site-packages:/mnt/dev/webots_ros2/install/webots_ros2_driver/local/lib/python3.10/dist-packages:/mnt/dev/webots_ros2/install/webots_ros2_msgs/local/lib/python3.10/dist-packages:/mnt/dev/webots_ros2/install/webots_ros2_importer/lib/python3.10/site-packages:${PYTHONPATH} /usr/bin/python3 -W ignore:setup.py install is deprecated -W ignore:easy_install command is deprecated setup.py egg_info --egg-base ../../../build/webots_ros2_mavic build --build-base /mnt/dev/webots_ros2/build/webots_ros2_mavic/build install --record /mnt/dev/webots_ros2/build/webots_ros2_mavic/install.log --single-version-externally-managed install_data
