[0.589s] Invoking command in '/mnt/dev/webots_ros2/src/webots_ros2/webots_ros2_epuck': AMENT_PREFIX_PATH=/mnt/dev/webots_ros2/install/webots_ros2_control:/mnt/dev/webots_ros2/install/webots_ros2_driver:/mnt/dev/webots_ros2/install/webots_ros2_msgs:/mnt/dev/webots_ros2/install/webots_ros2_importer:${AMENT_PREFIX_PATH} CMAKE_PREFIX_PATH=/mnt/dev/webots_ros2/install/webots_ros2_control:/mnt/dev/webots_ros2/install/webots_ros2_driver:/mnt/dev/webots_ros2/install/webots_ros2_msgs LD_LIBRARY_PATH=/mnt/dev/webots_ros2/install/webots_ros2_control/lib:/mnt/dev/webots_ros2/install/webots_ros2_driver/lib:/mnt/dev/webots_ros2/install/webots_ros2_msgs/lib:${LD_LIBRARY_PATH} PYTHONPATH=/mnt/dev/webots_ros2/build/webots_ros2_epuck/prefix_override:/usr/lib/python3/dist-packages/colcon_core/task/python/colcon_distutils_commands:/mnt/dev/webots_ros2/install/webots_ros2_epuck/lib/python3.10/site-packages:/mnt/dev/webots_ros2/install/webots_ros2_driver/local/lib/python3.10/dist-packages:/mnt/dev/webots_ros2/install/webots_ros2_msgs/local/lib/python3.10/dist-packages:/mnt/dev/webots_ros2/install/webots_ros2_importer/lib/python3.10/site-packages:${PYTHONPATH} /usr/bin/python3 -W ignore:setup.py install is deprecated -W ignore:easy_install command is deprecated setup.py egg_info --egg-base ../../../build/webots_ros2_epuck build --build-base /mnt/dev/webots_ros2/build/webots_ros2_epuck/build install --record /mnt/dev/webots_ros2/build/webots_ros2_epuck/install.log --single-version-externally-managed install_data
[0.690s] running egg_info
[0.690s] creating ../../../build/webots_ros2_epuck/webots_ros2_epuck.egg-info
[0.690s] writing ../../../build/webots_ros2_epuck/webots_ros2_epuck.egg-info/PKG-INFO
[0.690s] writing dependency_links to ../../../build/webots_ros2_epuck/webots_ros2_epuck.egg-info/dependency_links.txt
[0.690s] writing entry points to ../../../build/webots_ros2_epuck/webots_ros2_epuck.egg-info/entry_points.txt
[0.690s] writing requirements to ../../../build/webots_ros2_epuck/webots_ros2_epuck.egg-info/requires.txt
[0.690s] writing top-level names to ../../../build/webots_ros2_epuck/webots_ros2_epuck.egg-info/top_level.txt
[0.690s] writing manifest file '../../../build/webots_ros2_epuck/webots_ros2_epuck.egg-info/SOURCES.txt'
[0.691s] reading manifest file '../../../build/webots_ros2_epuck/webots_ros2_epuck.egg-info/SOURCES.txt'
[0.691s] writing manifest file '../../../build/webots_ros2_epuck/webots_ros2_epuck.egg-info/SOURCES.txt'
[0.691s] running build
[0.691s] running build_py
[0.691s] creating /mnt/dev/webots_ros2/build/webots_ros2_epuck/build
[0.692s] creating /mnt/dev/webots_ros2/build/webots_ros2_epuck/build/lib
[0.692s] creating /mnt/dev/webots_ros2/build/webots_ros2_epuck/build/lib/webots_ros2_epuck
[0.692s] copying webots_ros2_epuck/epuck_node.py -> /mnt/dev/webots_ros2/build/webots_ros2_epuck/build/lib/webots_ros2_epuck
[0.692s] copying webots_ros2_epuck/__init__.py -> /mnt/dev/webots_ros2/build/webots_ros2_epuck/build/lib/webots_ros2_epuck
[0.692s] copying webots_ros2_epuck/drive_calibrator.py -> /mnt/dev/webots_ros2/build/webots_ros2_epuck/build/lib/webots_ros2_epuck
[0.692s] copying webots_ros2_epuck/simple_mapper.py -> /mnt/dev/webots_ros2/build/webots_ros2_epuck/build/lib/webots_ros2_epuck
[0.692s] running install
[0.692s] running install_lib
[0.693s] creating /mnt/dev/webots_ros2/install/webots_ros2_epuck/lib/python3.10/site-packages/webots_ros2_epuck
[0.693s] copying /mnt/dev/webots_ros2/build/webots_ros2_epuck/build/lib/webots_ros2_epuck/epuck_node.py -> /mnt/dev/webots_ros2/install/webots_ros2_epuck/lib/python3.10/site-packages/webots_ros2_epuck
[0.694s] copying /mnt/dev/webots_ros2/build/webots_ros2_epuck/build/lib/webots_ros2_epuck/__init__.py -> /mnt/dev/webots_ros2/install/webots_ros2_epuck/lib/python3.10/site-packages/webots_ros2_epuck
[0.694s] copying /mnt/dev/webots_ros2/build/webots_ros2_epuck/build/lib/webots_ros2_epuck/drive_calibrator.py -> /mnt/dev/webots_ros2/install/webots_ros2_epuck/lib/python3.10/site-packages/webots_ros2_epuck
[0.694s] copying /mnt/dev/webots_ros2/build/webots_ros2_epuck/build/lib/webots_ros2_epuck/simple_mapper.py -> /mnt/dev/webots_ros2/install/webots_ros2_epuck/lib/python3.10/site-packages/webots_ros2_epuck
[0.694s] byte-compiling /mnt/dev/webots_ros2/install/webots_ros2_epuck/lib/python3.10/site-packages/webots_ros2_epuck/epuck_node.py to epuck_node.cpython-310.pyc
[0.695s] byte-compiling /mnt/dev/webots_ros2/install/webots_ros2_epuck/lib/python3.10/site-packages/webots_ros2_epuck/__init__.py to __init__.cpython-310.pyc
[0.695s] byte-compiling /mnt/dev/webots_ros2/install/webots_ros2_epuck/lib/python3.10/site-packages/webots_ros2_epuck/drive_calibrator.py to drive_calibrator.cpython-310.pyc
[0.696s] byte-compiling /mnt/dev/webots_ros2/install/webots_ros2_epuck/lib/python3.10/site-packages/webots_ros2_epuck/simple_mapper.py to simple_mapper.cpython-310.pyc
[0.696s] running install_data
[0.696s] creating /mnt/dev/webots_ros2/install/webots_ros2_epuck/share/ament_index
[0.696s] creating /mnt/dev/webots_ros2/install/webots_ros2_epuck/share/ament_index/resource_index
[0.696s] creating /mnt/dev/webots_ros2/install/webots_ros2_epuck/share/ament_index/resource_index/packages
[0.696s] copying resource/webots_ros2_epuck -> /mnt/dev/webots_ros2/install/webots_ros2_epuck/share/ament_index/resource_index/packages
[0.696s] creating /mnt/dev/webots_ros2/install/webots_ros2_epuck/share/webots_ros2_epuck/launch
[0.696s] copying launch/robot_launch.py -> /mnt/dev/webots_ros2/install/webots_ros2_epuck/share/webots_ros2_epuck/launch
[0.696s] copying launch/robot_tools_launch.py -> /mnt/dev/webots_ros2/install/webots_ros2_epuck/share/webots_ros2_epuck/launch
[0.696s] copying launch/rats_life_launch.py -> /mnt/dev/webots_ros2/install/webots_ros2_epuck/share/webots_ros2_epuck/launch
[0.696s] copying launch/rats_life_waypoints_launch.py -> /mnt/dev/webots_ros2/install/webots_ros2_epuck/share/webots_ros2_epuck/launch
[0.696s] creating /mnt/dev/webots_ros2/install/webots_ros2_epuck/share/webots_ros2_epuck/worlds
[0.697s] copying worlds/epuck_world.wbt -> /mnt/dev/webots_ros2/install/webots_ros2_epuck/share/webots_ros2_epuck/worlds
[0.697s] copying worlds/.epuck_world.wbproj -> /mnt/dev/webots_ros2/install/webots_ros2_epuck/share/webots_ros2_epuck/worlds
[0.697s] copying worlds/rats_life_benchmark.wbt -> /mnt/dev/webots_ros2/install/webots_ros2_epuck/share/webots_ros2_epuck/worlds
[0.697s] copying worlds/.rats_life_benchmark.wbproj -> /mnt/dev/webots_ros2/install/webots_ros2_epuck/share/webots_ros2_epuck/worlds
[0.697s] creating /mnt/dev/webots_ros2/install/webots_ros2_epuck/share/webots_ros2_epuck/protos
[0.697s] copying protos/LegoTallInterval.proto -> /mnt/dev/webots_ros2/install/webots_ros2_epuck/share/webots_ros2_epuck/protos
[0.697s] copying protos/LegoTallWall.proto -> /mnt/dev/webots_ros2/install/webots_ros2_epuck/share/webots_ros2_epuck/protos
[0.697s] creating /mnt/dev/webots_ros2/install/webots_ros2_epuck/share/webots_ros2_epuck/resource
[0.697s] copying resource/all.rviz -> /mnt/dev/webots_ros2/install/webots_ros2_epuck/share/webots_ros2_epuck/resource
[0.697s] copying resource/nav2_params.yaml -> /mnt/dev/webots_ros2/install/webots_ros2_epuck/share/webots_ros2_epuck/resource
[0.697s] copying resource/nav2_params_iron.yaml -> /mnt/dev/webots_ros2/install/webots_ros2_epuck/share/webots_ros2_epuck/resource
[0.697s] copying resource/map_rats_life.pgm -> /mnt/dev/webots_ros2/install/webots_ros2_epuck/share/webots_ros2_epuck/resource
[0.697s] copying resource/map_rats_life.yaml -> /mnt/dev/webots_ros2/install/webots_ros2_epuck/share/webots_ros2_epuck/resource
[0.697s] copying resource/nav2_rats_life_waypoints.yaml -> /mnt/dev/webots_ros2/install/webots_ros2_epuck/share/webots_ros2_epuck/resource
[0.697s] copying resource/epuck_world_map.pgm -> /mnt/dev/webots_ros2/install/webots_ros2_epuck/share/webots_ros2_epuck/resource
[0.697s] copying resource/epuck_world_map.yaml -> /mnt/dev/webots_ros2/install/webots_ros2_epuck/share/webots_ros2_epuck/resource
[0.697s] copying resource/epuck_webots.urdf -> /mnt/dev/webots_ros2/install/webots_ros2_epuck/share/webots_ros2_epuck/resource
[0.697s] copying resource/ros2_control.yml -> /mnt/dev/webots_ros2/install/webots_ros2_epuck/share/webots_ros2_epuck/resource
[0.697s] copying package.xml -> /mnt/dev/webots_ros2/install/webots_ros2_epuck/share/webots_ros2_epuck
[0.697s] running install_egg_info
[0.698s] Copying ../../../build/webots_ros2_epuck/webots_ros2_epuck.egg-info to /mnt/dev/webots_ros2/install/webots_ros2_epuck/lib/python3.10/site-packages/webots_ros2_epuck-2023.1.3-py3.10.egg-info
[0.698s] running install_scripts
[0.706s] Installing drive_calibrator script to /mnt/dev/webots_ros2/install/webots_ros2_epuck/lib/webots_ros2_epuck
[0.706s] Installing epuck_node script to /mnt/dev/webots_ros2/install/webots_ros2_epuck/lib/webots_ros2_epuck
[0.706s] Installing simple_mapper script to /mnt/dev/webots_ros2/install/webots_ros2_epuck/lib/webots_ros2_epuck
[0.706s] writing list of installed files to '/mnt/dev/webots_ros2/build/webots_ros2_epuck/install.log'
[0.724s] Invoked command in '/mnt/dev/webots_ros2/src/webots_ros2/webots_ros2_epuck' returned '0': AMENT_PREFIX_PATH=/mnt/dev/webots_ros2/install/webots_ros2_control:/mnt/dev/webots_ros2/install/webots_ros2_driver:/mnt/dev/webots_ros2/install/webots_ros2_msgs:/mnt/dev/webots_ros2/install/webots_ros2_importer:${AMENT_PREFIX_PATH} CMAKE_PREFIX_PATH=/mnt/dev/webots_ros2/install/webots_ros2_control:/mnt/dev/webots_ros2/install/webots_ros2_driver:/mnt/dev/webots_ros2/install/webots_ros2_msgs LD_LIBRARY_PATH=/mnt/dev/webots_ros2/install/webots_ros2_control/lib:/mnt/dev/webots_ros2/install/webots_ros2_driver/lib:/mnt/dev/webots_ros2/install/webots_ros2_msgs/lib:${LD_LIBRARY_PATH} PYTHONPATH=/mnt/dev/webots_ros2/build/webots_ros2_epuck/prefix_override:/usr/lib/python3/dist-packages/colcon_core/task/python/colcon_distutils_commands:/mnt/dev/webots_ros2/install/webots_ros2_epuck/lib/python3.10/site-packages:/mnt/dev/webots_ros2/install/webots_ros2_driver/local/lib/python3.10/dist-packages:/mnt/dev/webots_ros2/install/webots_ros2_msgs/local/lib/python3.10/dist-packages:/mnt/dev/webots_ros2/install/webots_ros2_importer/lib/python3.10/site-packages:${PYTHONPATH} /usr/bin/python3 -W ignore:setup.py install is deprecated -W ignore:easy_install command is deprecated setup.py egg_info --egg-base ../../../build/webots_ros2_epuck build --build-base /mnt/dev/webots_ros2/build/webots_ros2_epuck/build install --record /mnt/dev/webots_ros2/build/webots_ros2_epuck/install.log --single-version-externally-managed install_data
