[0.312s] Invoking command in '/mnt/dev/webots_ros2/src/webots_ros2/webots_ros2_importer': PYTHONPATH=/mnt/dev/webots_ros2/build/webots_ros2_importer/prefix_override:/usr/lib/python3/dist-packages/colcon_core/task/python/colcon_distutils_commands:/mnt/dev/webots_ros2/install/webots_ros2_importer/lib/python3.10/site-packages:${PYTHONPATH} /usr/bin/python3 -W ignore:setup.py install is deprecated -W ignore:easy_install command is deprecated setup.py egg_info --egg-base ../../../build/webots_ros2_importer build --build-base /mnt/dev/webots_ros2/build/webots_ros2_importer/build install --record /mnt/dev/webots_ros2/build/webots_ros2_importer/install.log --single-version-externally-managed install_data
[0.404s] running egg_info
[0.404s] creating ../../../build/webots_ros2_importer/webots_ros2_importer.egg-info
[0.405s] writing ../../../build/webots_ros2_importer/webots_ros2_importer.egg-info/PKG-INFO
[0.405s] writing dependency_links to ../../../build/webots_ros2_importer/webots_ros2_importer.egg-info/dependency_links.txt
[0.405s] writing entry points to ../../../build/webots_ros2_importer/webots_ros2_importer.egg-info/entry_points.txt
[0.405s] writing requirements to ../../../build/webots_ros2_importer/webots_ros2_importer.egg-info/requires.txt
[0.405s] writing top-level names to ../../../build/webots_ros2_importer/webots_ros2_importer.egg-info/top_level.txt
[0.405s] writing manifest file '../../../build/webots_ros2_importer/webots_ros2_importer.egg-info/SOURCES.txt'
[0.406s] reading manifest file '../../../build/webots_ros2_importer/webots_ros2_importer.egg-info/SOURCES.txt'
[0.406s] writing manifest file '../../../build/webots_ros2_importer/webots_ros2_importer.egg-info/SOURCES.txt'
[0.406s] running build
[0.406s] running build_py
[0.406s] creating /mnt/dev/webots_ros2/build/webots_ros2_importer/build
[0.406s] creating /mnt/dev/webots_ros2/build/webots_ros2_importer/build/lib
[0.406s] creating /mnt/dev/webots_ros2/build/webots_ros2_importer/build/lib/webots_ros2_importer
[0.406s] copying webots_ros2_importer/__init__.py -> /mnt/dev/webots_ros2/build/webots_ros2_importer/build/lib/webots_ros2_importer
[0.406s] copying webots_ros2_importer/urdf2proto.py -> /mnt/dev/webots_ros2/build/webots_ros2_importer/build/lib/webots_ros2_importer
[0.406s] copying webots_ros2_importer/xacro2proto.py -> /mnt/dev/webots_ros2/build/webots_ros2_importer/build/lib/webots_ros2_importer
[0.406s] creating /mnt/dev/webots_ros2/build/webots_ros2_importer/build/lib/webots_ros2_importer/urdf2webots
[0.406s] creating /mnt/dev/webots_ros2/build/webots_ros2_importer/build/lib/webots_ros2_importer/urdf2webots/urdf2webots
[0.406s] copying webots_ros2_importer/urdf2webots/urdf2webots/parserURDF.py -> /mnt/dev/webots_ros2/build/webots_ros2_importer/build/lib/webots_ros2_importer/urdf2webots/urdf2webots
[0.406s] copying webots_ros2_importer/urdf2webots/urdf2webots/__init__.py -> /mnt/dev/webots_ros2/build/webots_ros2_importer/build/lib/webots_ros2_importer/urdf2webots/urdf2webots
[0.406s] copying webots_ros2_importer/urdf2webots/urdf2webots/math_utils.py -> /mnt/dev/webots_ros2/build/webots_ros2_importer/build/lib/webots_ros2_importer/urdf2webots/urdf2webots
[0.406s] copying webots_ros2_importer/urdf2webots/urdf2webots/importer.py -> /mnt/dev/webots_ros2/build/webots_ros2_importer/build/lib/webots_ros2_importer/urdf2webots/urdf2webots
[0.406s] copying webots_ros2_importer/urdf2webots/urdf2webots/writeRobot.py -> /mnt/dev/webots_ros2/build/webots_ros2_importer/build/lib/webots_ros2_importer/urdf2webots/urdf2webots
[0.406s] copying webots_ros2_importer/urdf2webots/urdf2webots/gazebo_materials.py -> /mnt/dev/webots_ros2/build/webots_ros2_importer/build/lib/webots_ros2_importer/urdf2webots/urdf2webots
[0.406s] running install
[0.407s] running install_lib
[0.407s] creating /mnt/dev/webots_ros2/install/webots_ros2_importer/lib/python3.10/site-packages/webots_ros2_importer
[0.407s] copying /mnt/dev/webots_ros2/build/webots_ros2_importer/build/lib/webots_ros2_importer/__init__.py -> /mnt/dev/webots_ros2/install/webots_ros2_importer/lib/python3.10/site-packages/webots_ros2_importer
[0.407s] copying /mnt/dev/webots_ros2/build/webots_ros2_importer/build/lib/webots_ros2_importer/urdf2proto.py -> /mnt/dev/webots_ros2/install/webots_ros2_importer/lib/python3.10/site-packages/webots_ros2_importer
[0.407s] creating /mnt/dev/webots_ros2/install/webots_ros2_importer/lib/python3.10/site-packages/webots_ros2_importer/urdf2webots
[0.407s] creating /mnt/dev/webots_ros2/install/webots_ros2_importer/lib/python3.10/site-packages/webots_ros2_importer/urdf2webots/urdf2webots
[0.407s] copying /mnt/dev/webots_ros2/build/webots_ros2_importer/build/lib/webots_ros2_importer/urdf2webots/urdf2webots/parserURDF.py -> /mnt/dev/webots_ros2/install/webots_ros2_importer/lib/python3.10/site-packages/webots_ros2_importer/urdf2webots/urdf2webots
[0.407s] copying /mnt/dev/webots_ros2/build/webots_ros2_importer/build/lib/webots_ros2_importer/urdf2webots/urdf2webots/__init__.py -> /mnt/dev/webots_ros2/install/webots_ros2_importer/lib/python3.10/site-packages/webots_ros2_importer/urdf2webots/urdf2webots
[0.407s] copying /mnt/dev/webots_ros2/build/webots_ros2_importer/build/lib/webots_ros2_importer/urdf2webots/urdf2webots/math_utils.py -> /mnt/dev/webots_ros2/install/webots_ros2_importer/lib/python3.10/site-packages/webots_ros2_importer/urdf2webots/urdf2webots
[0.407s] copying /mnt/dev/webots_ros2/build/webots_ros2_importer/build/lib/webots_ros2_importer/urdf2webots/urdf2webots/importer.py -> /mnt/dev/webots_ros2/install/webots_ros2_importer/lib/python3.10/site-packages/webots_ros2_importer/urdf2webots/urdf2webots
[0.407s] copying /mnt/dev/webots_ros2/build/webots_ros2_importer/build/lib/webots_ros2_importer/urdf2webots/urdf2webots/writeRobot.py -> /mnt/dev/webots_ros2/install/webots_ros2_importer/lib/python3.10/site-packages/webots_ros2_importer/urdf2webots/urdf2webots
[0.407s] copying /mnt/dev/webots_ros2/build/webots_ros2_importer/build/lib/webots_ros2_importer/urdf2webots/urdf2webots/gazebo_materials.py -> /mnt/dev/webots_ros2/install/webots_ros2_importer/lib/python3.10/site-packages/webots_ros2_importer/urdf2webots/urdf2webots
[0.407s] copying /mnt/dev/webots_ros2/build/webots_ros2_importer/build/lib/webots_ros2_importer/xacro2proto.py -> /mnt/dev/webots_ros2/install/webots_ros2_importer/lib/python3.10/site-packages/webots_ros2_importer
[0.407s] byte-compiling /mnt/dev/webots_ros2/install/webots_ros2_importer/lib/python3.10/site-packages/webots_ros2_importer/__init__.py to __init__.cpython-310.pyc
[0.407s] byte-compiling /mnt/dev/webots_ros2/install/webots_ros2_importer/lib/python3.10/site-packages/webots_ros2_importer/urdf2proto.py to urdf2proto.cpython-310.pyc
[0.408s] byte-compiling /mnt/dev/webots_ros2/install/webots_ros2_importer/lib/python3.10/site-packages/webots_ros2_importer/urdf2webots/urdf2webots/parserURDF.py to parserURDF.cpython-310.pyc
[0.411s] byte-compiling /mnt/dev/webots_ros2/install/webots_ros2_importer/lib/python3.10/site-packages/webots_ros2_importer/urdf2webots/urdf2webots/__init__.py to __init__.cpython-310.pyc
[0.411s] byte-compiling /mnt/dev/webots_ros2/install/webots_ros2_importer/lib/python3.10/site-packages/webots_ros2_importer/urdf2webots/urdf2webots/math_utils.py to math_utils.cpython-310.pyc
[0.412s] byte-compiling /mnt/dev/webots_ros2/install/webots_ros2_importer/lib/python3.10/site-packages/webots_ros2_importer/urdf2webots/urdf2webots/importer.py to importer.cpython-310.pyc
[0.413s] byte-compiling /mnt/dev/webots_ros2/install/webots_ros2_importer/lib/python3.10/site-packages/webots_ros2_importer/urdf2webots/urdf2webots/writeRobot.py to writeRobot.cpython-310.pyc
[0.415s] byte-compiling /mnt/dev/webots_ros2/install/webots_ros2_importer/lib/python3.10/site-packages/webots_ros2_importer/urdf2webots/urdf2webots/gazebo_materials.py to gazebo_materials.cpython-310.pyc
[0.415s] byte-compiling /mnt/dev/webots_ros2/install/webots_ros2_importer/lib/python3.10/site-packages/webots_ros2_importer/xacro2proto.py to xacro2proto.cpython-310.pyc
[0.415s] running install_data
[0.415s] creating /mnt/dev/webots_ros2/install/webots_ros2_importer/share/ament_index
[0.415s] creating /mnt/dev/webots_ros2/install/webots_ros2_importer/share/ament_index/resource_index
[0.415s] creating /mnt/dev/webots_ros2/install/webots_ros2_importer/share/ament_index/resource_index/packages
[0.415s] copying resource/webots_ros2_importer -> /mnt/dev/webots_ros2/install/webots_ros2_importer/share/ament_index/resource_index/packages
[0.415s] copying package.xml -> /mnt/dev/webots_ros2/install/webots_ros2_importer/share/webots_ros2_importer
[0.415s] running install_egg_info
[0.416s] Copying ../../../build/webots_ros2_importer/webots_ros2_importer.egg-info to /mnt/dev/webots_ros2/install/webots_ros2_importer/lib/python3.10/site-packages/webots_ros2_importer-2023.1.3-py3.10.egg-info
[0.416s] running install_scripts
[0.426s] Installing urdf2proto script to /mnt/dev/webots_ros2/install/webots_ros2_importer/lib/webots_ros2_importer
[0.426s] Installing xacro2proto script to /mnt/dev/webots_ros2/install/webots_ros2_importer/lib/webots_ros2_importer
[0.426s] writing list of installed files to '/mnt/dev/webots_ros2/build/webots_ros2_importer/install.log'
[0.438s] Invoked command in '/mnt/dev/webots_ros2/src/webots_ros2/webots_ros2_importer' returned '0': PYTHONPATH=/mnt/dev/webots_ros2/build/webots_ros2_importer/prefix_override:/usr/lib/python3/dist-packages/colcon_core/task/python/colcon_distutils_commands:/mnt/dev/webots_ros2/install/webots_ros2_importer/lib/python3.10/site-packages:${PYTHONPATH} /usr/bin/python3 -W ignore:setup.py install is deprecated -W ignore:easy_install command is deprecated setup.py egg_info --egg-base ../../../build/webots_ros2_importer build --build-base /mnt/dev/webots_ros2/build/webots_ros2_importer/build install --record /mnt/dev/webots_ros2/build/webots_ros2_importer/install.log --single-version-externally-managed install_data
