[0.593s] Invoking command in '/mnt/dev/webots_ros2/src/webots_ros2/webots_ros2_tiago': AMENT_PREFIX_PATH=/mnt/dev/webots_ros2/install/webots_ros2_control:/mnt/dev/webots_ros2/install/webots_ros2_driver:/mnt/dev/webots_ros2/install/webots_ros2_msgs:/mnt/dev/webots_ros2/install/webots_ros2_importer:${AMENT_PREFIX_PATH} CMAKE_PREFIX_PATH=/mnt/dev/webots_ros2/install/webots_ros2_control:/mnt/dev/webots_ros2/install/webots_ros2_driver:/mnt/dev/webots_ros2/install/webots_ros2_msgs LD_LIBRARY_PATH=/mnt/dev/webots_ros2/install/webots_ros2_control/lib:/mnt/dev/webots_ros2/install/webots_ros2_driver/lib:/mnt/dev/webots_ros2/install/webots_ros2_msgs/lib:${LD_LIBRARY_PATH} PYTHONPATH=/mnt/dev/webots_ros2/build/webots_ros2_tiago/prefix_override:/usr/lib/python3/dist-packages/colcon_core/task/python/colcon_distutils_commands:/mnt/dev/webots_ros2/install/webots_ros2_tiago/lib/python3.10/site-packages:/mnt/dev/webots_ros2/install/webots_ros2_driver/local/lib/python3.10/dist-packages:/mnt/dev/webots_ros2/install/webots_ros2_msgs/local/lib/python3.10/dist-packages:/mnt/dev/webots_ros2/install/webots_ros2_importer/lib/python3.10/site-packages:${PYTHONPATH} /usr/bin/python3 -W ignore:setup.py install is deprecated -W ignore:easy_install command is deprecated setup.py egg_info --egg-base ../../../build/webots_ros2_tiago build --build-base /mnt/dev/webots_ros2/build/webots_ros2_tiago/build install --record /mnt/dev/webots_ros2/build/webots_ros2_tiago/install.log --single-version-externally-managed install_data
[0.691s] running egg_info
[0.691s] creating ../../../build/webots_ros2_tiago/webots_ros2_tiago.egg-info
[0.692s] writing ../../../build/webots_ros2_tiago/webots_ros2_tiago.egg-info/PKG-INFO
[0.692s] writing dependency_links to ../../../build/webots_ros2_tiago/webots_ros2_tiago.egg-info/dependency_links.txt
[0.692s] writing entry points to ../../../build/webots_ros2_tiago/webots_ros2_tiago.egg-info/entry_points.txt
[0.692s] writing requirements to ../../../build/webots_ros2_tiago/webots_ros2_tiago.egg-info/requires.txt
[0.692s] writing top-level names to ../../../build/webots_ros2_tiago/webots_ros2_tiago.egg-info/top_level.txt
[0.692s] writing manifest file '../../../build/webots_ros2_tiago/webots_ros2_tiago.egg-info/SOURCES.txt'
[0.693s] reading manifest file '../../../build/webots_ros2_tiago/webots_ros2_tiago.egg-info/SOURCES.txt'
[0.693s] writing manifest file '../../../build/webots_ros2_tiago/webots_ros2_tiago.egg-info/SOURCES.txt'
[0.693s] running build
[0.693s] running install
[0.694s] running install_data
[0.694s] creating /mnt/dev/webots_ros2/install/webots_ros2_tiago/share/ament_index
[0.694s] creating /mnt/dev/webots_ros2/install/webots_ros2_tiago/share/ament_index/resource_index
[0.694s] creating /mnt/dev/webots_ros2/install/webots_ros2_tiago/share/ament_index/resource_index/packages
[0.694s] copying resource/webots_ros2_tiago -> /mnt/dev/webots_ros2/install/webots_ros2_tiago/share/ament_index/resource_index/packages
[0.694s] creating /mnt/dev/webots_ros2/install/webots_ros2_tiago/share/webots_ros2_tiago/launch
[0.694s] copying launch/robot_launch.py -> /mnt/dev/webots_ros2/install/webots_ros2_tiago/share/webots_ros2_tiago/launch
[0.694s] copying launch/robot_bringup_launch.py -> /mnt/dev/webots_ros2/install/webots_ros2_tiago/share/webots_ros2_tiago/launch
[0.694s] creating /mnt/dev/webots_ros2/install/webots_ros2_tiago/share/webots_ros2_tiago/resource
[0.694s] copying resource/tiago_webots.urdf -> /mnt/dev/webots_ros2/install/webots_ros2_tiago/share/webots_ros2_tiago/resource
[0.694s] copying resource/tiago_bringup_webots.urdf -> /mnt/dev/webots_ros2/install/webots_ros2_tiago/share/webots_ros2_tiago/resource
[0.694s] copying resource/ros2_control.yml -> /mnt/dev/webots_ros2/install/webots_ros2_tiago/share/webots_ros2_tiago/resource
[0.694s] copying resource/ros2_control_bringup.yml -> /mnt/dev/webots_ros2/install/webots_ros2_tiago/share/webots_ros2_tiago/resource
[0.694s] copying resource/nav2_params.yaml -> /mnt/dev/webots_ros2/install/webots_ros2_tiago/share/webots_ros2_tiago/resource
[0.694s] copying resource/nav2_params_iron.yaml -> /mnt/dev/webots_ros2/install/webots_ros2_tiago/share/webots_ros2_tiago/resource
[0.694s] copying resource/default.rviz -> /mnt/dev/webots_ros2/install/webots_ros2_tiago/share/webots_ros2_tiago/resource
[0.694s] copying resource/default_bringup.rviz -> /mnt/dev/webots_ros2/install/webots_ros2_tiago/share/webots_ros2_tiago/resource
[0.694s] copying resource/map.pgm -> /mnt/dev/webots_ros2/install/webots_ros2_tiago/share/webots_ros2_tiago/resource
[0.694s] copying resource/map.yaml -> /mnt/dev/webots_ros2/install/webots_ros2_tiago/share/webots_ros2_tiago/resource
[0.694s] copying resource/cartographer.lua -> /mnt/dev/webots_ros2/install/webots_ros2_tiago/share/webots_ros2_tiago/resource
[0.694s] copying resource/slam_toolbox_params.yaml -> /mnt/dev/webots_ros2/install/webots_ros2_tiago/share/webots_ros2_tiago/resource
[0.694s] copying package.xml -> /mnt/dev/webots_ros2/install/webots_ros2_tiago/share/webots_ros2_tiago
[0.694s] creating /mnt/dev/webots_ros2/install/webots_ros2_tiago/share/webots_ros2_tiago/worlds
[0.694s] copying worlds/default.wbt -> /mnt/dev/webots_ros2/install/webots_ros2_tiago/share/webots_ros2_tiago/worlds
[0.694s] copying worlds/.default.wbproj -> /mnt/dev/webots_ros2/install/webots_ros2_tiago/share/webots_ros2_tiago/worlds
[0.694s] copying worlds/default_bringup.wbt -> /mnt/dev/webots_ros2/install/webots_ros2_tiago/share/webots_ros2_tiago/worlds
[0.694s] copying worlds/.default_bringup.wbproj -> /mnt/dev/webots_ros2/install/webots_ros2_tiago/share/webots_ros2_tiago/worlds
[0.694s] running install_egg_info
[0.696s] Copying ../../../build/webots_ros2_tiago/webots_ros2_tiago.egg-info to /mnt/dev/webots_ros2/install/webots_ros2_tiago/lib/python3.10/site-packages/webots_ros2_tiago-2023.1.3-py3.10.egg-info
[0.696s] running install_scripts
[0.705s] writing list of installed files to '/mnt/dev/webots_ros2/build/webots_ros2_tiago/install.log'
[0.724s] Invoked command in '/mnt/dev/webots_ros2/src/webots_ros2/webots_ros2_tiago' returned '0': AMENT_PREFIX_PATH=/mnt/dev/webots_ros2/install/webots_ros2_control:/mnt/dev/webots_ros2/install/webots_ros2_driver:/mnt/dev/webots_ros2/install/webots_ros2_msgs:/mnt/dev/webots_ros2/install/webots_ros2_importer:${AMENT_PREFIX_PATH} CMAKE_PREFIX_PATH=/mnt/dev/webots_ros2/install/webots_ros2_control:/mnt/dev/webots_ros2/install/webots_ros2_driver:/mnt/dev/webots_ros2/install/webots_ros2_msgs LD_LIBRARY_PATH=/mnt/dev/webots_ros2/install/webots_ros2_control/lib:/mnt/dev/webots_ros2/install/webots_ros2_driver/lib:/mnt/dev/webots_ros2/install/webots_ros2_msgs/lib:${LD_LIBRARY_PATH} PYTHONPATH=/mnt/dev/webots_ros2/build/webots_ros2_tiago/prefix_override:/usr/lib/python3/dist-packages/colcon_core/task/python/colcon_distutils_commands:/mnt/dev/webots_ros2/install/webots_ros2_tiago/lib/python3.10/site-packages:/mnt/dev/webots_ros2/install/webots_ros2_driver/local/lib/python3.10/dist-packages:/mnt/dev/webots_ros2/install/webots_ros2_msgs/local/lib/python3.10/dist-packages:/mnt/dev/webots_ros2/install/webots_ros2_importer/lib/python3.10/site-packages:${PYTHONPATH} /usr/bin/python3 -W ignore:setup.py install is deprecated -W ignore:easy_install command is deprecated setup.py egg_info --egg-base ../../../build/webots_ros2_tiago build --build-base /mnt/dev/webots_ros2/build/webots_ros2_tiago/build install --record /mnt/dev/webots_ros2/build/webots_ros2_tiago/install.log --single-version-externally-managed install_data
