[0.005s] Invoking command in '/mnt/dev/webots_ros2/build/webots_ros2_driver': AMENT_PREFIX_PATH=/mnt/dev/webots_ros2/install/webots_ros2_msgs:/mnt/dev/webots_ros2/install/webots_ros2_importer:${AMENT_PREFIX_PATH} CMAKE_PREFIX_PATH=/mnt/dev/webots_ros2/install/webots_ros2_msgs:/opt/ros/humble LD_LIBRARY_PATH=/mnt/dev/webots_ros2/install/webots_ros2_msgs/lib:${LD_LIBRARY_PATH} PYTHONPATH=/mnt/dev/webots_ros2/install/webots_ros2_msgs/local/lib/python3.10/dist-packages:/mnt/dev/webots_ros2/install/webots_ros2_importer/lib/python3.10/site-packages:${PYTHONPATH} /usr/bin/cmake /mnt/dev/webots_ros2/src/webots_ros2/webots_ros2_driver -DCMAKE_INSTALL_PREFIX=/mnt/dev/webots_ros2/install/webots_ros2_driver
[0.029s] -- The C compiler identification is GNU 11.4.0
[0.054s] -- The CXX compiler identification is GNU 11.4.0
[0.057s] -- Detecting C compiler ABI info
[0.086s] -- Detecting C compiler ABI info - done
[0.090s] -- Check for working C compiler: /usr/bin/cc - skipped
[0.090s] -- Detecting C compile features
[0.090s] -- Detecting C compile features - done
[0.091s] -- Detecting CXX compiler ABI info
[0.126s] -- Detecting CXX compiler ABI info - done
[0.129s] -- Check for working CXX compiler: /usr/bin/c++ - skipped
[0.129s] -- Detecting CXX compile features
[0.129s] -- Detecting CXX compile features - done
[0.131s] -- Found ament_cmake: 1.3.11 (/opt/ros/humble/share/ament_cmake/cmake)
[0.200s] -- Found Python3: /usr/bin/python3 (found version "3.10.12") found components: Interpreter 
[0.243s] -- Found rosgraph_msgs: 1.2.1 (/opt/ros/humble/share/rosgraph_msgs/cmake)
[0.259s] -- Found rosidl_generator_c: 3.1.6 (/opt/ros/humble/share/rosidl_generator_c/cmake)
[0.261s] -- Found rosidl_adapter: 3.1.6 (/opt/ros/humble/share/rosidl_adapter/cmake)
[0.265s] -- Found rosidl_generator_cpp: 3.1.6 (/opt/ros/humble/share/rosidl_generator_cpp/cmake)
[0.271s] -- Using all available rosidl_typesupport_c: rosidl_typesupport_fastrtps_c;rosidl_typesupport_introspection_c
[0.278s] -- Using all available rosidl_typesupport_cpp: rosidl_typesupport_fastrtps_cpp;rosidl_typesupport_introspection_cpp
[0.292s] -- Found rclcpp: 16.0.11 (/opt/ros/humble/share/rclcpp/cmake)
[0.316s] -- Found rmw_implementation_cmake: 6.1.2 (/opt/ros/humble/share/rmw_implementation_cmake/cmake)
[0.318s] -- Found rmw_fastrtps_cpp: 6.2.7 (/opt/ros/humble/share/rmw_fastrtps_cpp/cmake)
[0.367s] -- Found OpenSSL: /usr/lib/x86_64-linux-gnu/libcrypto.so (found version "3.0.2")  
[0.381s] -- Found FastRTPS: /opt/ros/humble/include  
[0.402s] -- Using RMW implementation 'rmw_fastrtps_cpp' as default
[0.408s] -- Looking for pthread.h
[0.439s] -- Looking for pthread.h - found
[0.439s] -- Performing Test CMAKE_HAVE_LIBC_PTHREAD
[0.472s] -- Performing Test CMAKE_HAVE_LIBC_PTHREAD - Success
[0.472s] -- Found Threads: TRUE  
[0.495s] -- Found pluginlib: 5.1.0 (/opt/ros/humble/share/pluginlib/cmake)
[0.511s] -- Found sensor_msgs: 4.2.4 (/opt/ros/humble/share/sensor_msgs/cmake)
[0.528s] -- Found tf2_geometry_msgs: 0.25.9 (/opt/ros/humble/share/tf2_geometry_msgs/cmake)
[0.536s] -- Found eigen3_cmake_module: 0.1.1 (/opt/ros/humble/share/eigen3_cmake_module/cmake)
[0.537s] -- Found Eigen3: TRUE (found version "3.4.0") 
[0.537s] -- Ensuring Eigen3 include directory is part of orocos-kdl CMake target
[0.595s] -- Found vision_msgs: 4.1.1 (/opt/ros/humble/share/vision_msgs/cmake)
[0.602s] -- Found webots_ros2_msgs: 2023.1.3 (/mnt/dev/webots_ros2/install/webots_ros2_msgs/share/webots_ros2_msgs/cmake)
[0.611s] -- Found TinyXML2 via Config file: TinyXML2_DIR-NOTFOUND
[0.680s] -- Found Python: /usr/include/python3.10 (found suitable exact version "3.10.12") found components: Development Development.Module Development.Embed 
[0.811s] -- Configuring done
[0.824s] -- Generating done
[0.829s] -- Build files have been written to: /mnt/dev/webots_ros2/build/webots_ros2_driver
[0.833s] Invoked command in '/mnt/dev/webots_ros2/build/webots_ros2_driver' returned '0': AMENT_PREFIX_PATH=/mnt/dev/webots_ros2/install/webots_ros2_msgs:/mnt/dev/webots_ros2/install/webots_ros2_importer:${AMENT_PREFIX_PATH} CMAKE_PREFIX_PATH=/mnt/dev/webots_ros2/install/webots_ros2_msgs:/opt/ros/humble LD_LIBRARY_PATH=/mnt/dev/webots_ros2/install/webots_ros2_msgs/lib:${LD_LIBRARY_PATH} PYTHONPATH=/mnt/dev/webots_ros2/install/webots_ros2_msgs/local/lib/python3.10/dist-packages:/mnt/dev/webots_ros2/install/webots_ros2_importer/lib/python3.10/site-packages:${PYTHONPATH} /usr/bin/cmake /mnt/dev/webots_ros2/src/webots_ros2/webots_ros2_driver -DCMAKE_INSTALL_PREFIX=/mnt/dev/webots_ros2/install/webots_ros2_driver
[0.834s] Invoking command in '/mnt/dev/webots_ros2/build/webots_ros2_driver': AMENT_PREFIX_PATH=/mnt/dev/webots_ros2/install/webots_ros2_msgs:/mnt/dev/webots_ros2/install/webots_ros2_importer:${AMENT_PREFIX_PATH} CMAKE_PREFIX_PATH=/mnt/dev/webots_ros2/install/webots_ros2_msgs:/opt/ros/humble LD_LIBRARY_PATH=/mnt/dev/webots_ros2/install/webots_ros2_msgs/lib:${LD_LIBRARY_PATH} PYTHONPATH=/mnt/dev/webots_ros2/install/webots_ros2_msgs/local/lib/python3.10/dist-packages:/mnt/dev/webots_ros2/install/webots_ros2_importer/lib/python3.10/site-packages:${PYTHONPATH} /usr/bin/cmake --build /mnt/dev/webots_ros2/build/webots_ros2_driver -- -j32 -l32
[0.859s] [  0%] Built target ament_cmake_python_copy_webots_ros2_driver
[0.859s] [  0%] Built target ament_cmake_python_copy_vehicle
[0.859s] [  0%] Built target ament_cmake_python_copy_controller
[0.958s] running egg_info
[0.958s] running egg_info
[0.958s] running egg_info
[0.958s] creating webots_ros2_driver.egg-info
[0.959s] writing webots_ros2_driver.egg-info/PKG-INFO
[0.959s] creating controller.egg-info
[0.959s] creating vehicle.egg-info
[0.959s] writing dependency_links to webots_ros2_driver.egg-info/dependency_links.txt
[0.959s] writing controller.egg-info/PKG-INFO
[0.959s] writing vehicle.egg-info/PKG-INFO
[0.959s] writing dependency_links to controller.egg-info/dependency_links.txt
[0.959s] writing top-level names to webots_ros2_driver.egg-info/top_level.txt
[0.959s] writing dependency_links to vehicle.egg-info/dependency_links.txt
[0.959s] writing top-level names to controller.egg-info/top_level.txt
[0.959s] writing top-level names to vehicle.egg-info/top_level.txt
[0.959s] writing manifest file 'webots_ros2_driver.egg-info/SOURCES.txt'
[0.959s] writing manifest file 'controller.egg-info/SOURCES.txt'
[0.959s] writing manifest file 'vehicle.egg-info/SOURCES.txt'
[0.960s] reading manifest file 'webots_ros2_driver.egg-info/SOURCES.txt'
[0.960s] reading manifest file 'vehicle.egg-info/SOURCES.txt'
[0.960s] writing manifest file 'webots_ros2_driver.egg-info/SOURCES.txt'
[0.960s] reading manifest file 'controller.egg-info/SOURCES.txt'
[0.960s] writing manifest file 'vehicle.egg-info/SOURCES.txt'
[0.960s] writing manifest file 'controller.egg-info/SOURCES.txt'
[0.972s] [  0%] Built target ament_cmake_python_build_controller_egg
[0.973s] [  0%] Built target ament_cmake_python_build_webots_ros2_driver_egg
[0.973s] [  0%] Built target ament_cmake_python_build_vehicle_egg
[9.721s] [  0%] Built target compile-lib-controller
[9.832s] [  0%] Built target compile-generic-window
[10.586s] [  0%] Built target compile-lib-vehicle
[10.596s] [  3%] [32mBuilding CXX object CMakeFiles/webots_ros2_driver_imu.dir/src/plugins/dynamic/Ros2IMU.cpp.o[0m
[10.596s] [  7%] [32mBuilding CXX object CMakeFiles/webots_ros2_driver_imu.dir/src/plugins/Ros2SensorPlugin.cpp.o[0m
[10.596s] [ 11%] [32mBuilding CXX object CMakeFiles/driver.dir/src/Driver.cpp.o[0m
[10.596s] [ 14%] [32mBuilding CXX object CMakeFiles/webots_ros2_driver_imu.dir/src/utils/Utils.cpp.o[0m
[10.596s] [ 18%] [32mBuilding CXX object CMakeFiles/driver.dir/src/WebotsNode.cpp.o[0m
[10.596s] [ 22%] [32mBuilding CXX object CMakeFiles/driver.dir/src/PythonPlugin.cpp.o[0m
[10.596s] [ 25%] [32mBuilding CXX object CMakeFiles/webots_ros2_driver_rgbd.dir/src/plugins/dynamic/Ros2RGBD.cpp.o[0m
[10.597s] [ 29%] [32mBuilding CXX object CMakeFiles/driver.dir/src/plugins/static/Ros2LED.cpp.o[0m
[10.598s] [ 33%] [32mBuilding CXX object CMakeFiles/driver.dir/src/plugins/static/Ros2GPS.cpp.o[0m
[10.598s] [ 44%] [32mBuilding CXX object CMakeFiles/driver.dir/src/plugins/Ros2SensorPlugin.cpp.o[0m
[10.598s] [ 44%] [32mBuilding CXX object CMakeFiles/webots_ros2_driver_rgbd.dir/src/plugins/Ros2SensorPlugin.cpp.o[0m
[10.598s] [ 44%] [32mBuilding CXX object CMakeFiles/driver.dir/src/plugins/static/Ros2Pen.cpp.o[0m
[10.598s] [ 51%] [32mBuilding CXX object CMakeFiles/driver.dir/src/plugins/static/Ros2Lidar.cpp.o[0m
[10.598s] [ 51%] [32mBuilding CXX object CMakeFiles/webots_ros2_driver_rgbd.dir/src/utils/Utils.cpp.o[0m
[10.599s] [ 55%] [32mBuilding CXX object CMakeFiles/driver.dir/src/plugins/static/Ros2LightSensor.cpp.o[0m
[10.599s] [ 59%] [32mBuilding CXX object CMakeFiles/driver.dir/src/plugins/static/Ros2Camera.cpp.o[0m
[10.600s] [ 62%] [32mBuilding CXX object CMakeFiles/driver.dir/src/plugins/static/Ros2RangeFinder.cpp.o[0m
[10.600s] [ 66%] [32mBuilding CXX object CMakeFiles/driver.dir/src/plugins/static/Ros2DistanceSensor.cpp.o[0m
[10.601s] [ 77%] [32mBuilding CXX object CMakeFiles/driver.dir/src/utils/Utils.cpp.o[0m
[10.602s] [ 77%] [32mBuilding CXX object CMakeFiles/driver.dir/src/plugins/static/Ros2Receiver.cpp.o[0m
[10.602s] [ 77%] [32mBuilding CXX object CMakeFiles/driver.dir/src/plugins/static/Ros2Emitter.cpp.o[0m
[10.602s] [ 81%] [32mBuilding CXX object CMakeFiles/driver.dir/src/plugins/static/Ros2Compass.cpp.o[0m
[10.603s] [ 88%] [32mBuilding CXX object CMakeFiles/driver.dir/src/plugins/static/Ros2VacuumGripper.cpp.o[0m
[10.603s] [ 88%] [32mBuilding CXX object CMakeFiles/driver.dir/src/utils/Math.cpp.o[0m
[13.626s] [ 92%] [32m[1mLinking CXX shared library libwebots_ros2_driver_imu.so[0m
[13.777s] [ 92%] Built target webots_ros2_driver_imu
[15.157s] [ 96%] [32m[1mLinking CXX shared library libwebots_ros2_driver_rgbd.so[0m
[15.273s] [ 96%] Built target webots_ros2_driver_rgbd
[17.229s] [100%] [32m[1mLinking CXX executable driver[0m
[18.295s] [100%] Built target driver
[18.300s] Invoked command in '/mnt/dev/webots_ros2/build/webots_ros2_driver' returned '0': AMENT_PREFIX_PATH=/mnt/dev/webots_ros2/install/webots_ros2_msgs:/mnt/dev/webots_ros2/install/webots_ros2_importer:${AMENT_PREFIX_PATH} CMAKE_PREFIX_PATH=/mnt/dev/webots_ros2/install/webots_ros2_msgs:/opt/ros/humble LD_LIBRARY_PATH=/mnt/dev/webots_ros2/install/webots_ros2_msgs/lib:${LD_LIBRARY_PATH} PYTHONPATH=/mnt/dev/webots_ros2/install/webots_ros2_msgs/local/lib/python3.10/dist-packages:/mnt/dev/webots_ros2/install/webots_ros2_importer/lib/python3.10/site-packages:${PYTHONPATH} /usr/bin/cmake --build /mnt/dev/webots_ros2/build/webots_ros2_driver -- -j32 -l32
[18.300s] Invoking command in '/mnt/dev/webots_ros2/build/webots_ros2_driver': AMENT_PREFIX_PATH=/mnt/dev/webots_ros2/install/webots_ros2_msgs:/mnt/dev/webots_ros2/install/webots_ros2_importer:${AMENT_PREFIX_PATH} CMAKE_PREFIX_PATH=/mnt/dev/webots_ros2/install/webots_ros2_msgs:/opt/ros/humble LD_LIBRARY_PATH=/mnt/dev/webots_ros2/install/webots_ros2_msgs/lib:${LD_LIBRARY_PATH} PYTHONPATH=/mnt/dev/webots_ros2/install/webots_ros2_msgs/local/lib/python3.10/dist-packages:/mnt/dev/webots_ros2/install/webots_ros2_importer/lib/python3.10/site-packages:${PYTHONPATH} /usr/bin/cmake --install /mnt/dev/webots_ros2/build/webots_ros2_driver
[18.303s] -- Install configuration: ""
[18.303s] -- Installing: /mnt/dev/webots_ros2/install/webots_ros2_driver/share/webots_ros2_driver/environment/pythonpath.sh
[18.303s] -- Installing: /mnt/dev/webots_ros2/install/webots_ros2_driver/share/webots_ros2_driver/environment/pythonpath.dsv
[18.303s] -- Installing: /mnt/dev/webots_ros2/install/webots_ros2_driver/local/lib/python3.10/dist-packages/controller-2023.1.3-py3.10.egg-info
[18.303s] -- Installing: /mnt/dev/webots_ros2/install/webots_ros2_driver/local/lib/python3.10/dist-packages/controller-2023.1.3-py3.10.egg-info/PKG-INFO
[18.303s] -- Installing: /mnt/dev/webots_ros2/install/webots_ros2_driver/local/lib/python3.10/dist-packages/controller-2023.1.3-py3.10.egg-info/SOURCES.txt
[18.304s] -- Installing: /mnt/dev/webots_ros2/install/webots_ros2_driver/local/lib/python3.10/dist-packages/controller-2023.1.3-py3.10.egg-info/top_level.txt
[18.304s] -- Installing: /mnt/dev/webots_ros2/install/webots_ros2_driver/local/lib/python3.10/dist-packages/controller-2023.1.3-py3.10.egg-info/dependency_links.txt
[18.304s] -- Installing: /mnt/dev/webots_ros2/install/webots_ros2_driver/local/lib/python3.10/dist-packages/controller
[18.304s] -- Installing: /mnt/dev/webots_ros2/install/webots_ros2_driver/local/lib/python3.10/dist-packages/controller/distance_sensor.py
[18.304s] -- Installing: /mnt/dev/webots_ros2/install/webots_ros2_driver/local/lib/python3.10/dist-packages/controller/camera.py
[18.304s] -- Installing: /mnt/dev/webots_ros2/install/webots_ros2_driver/local/lib/python3.10/dist-packages/controller/vacuum_gripper.py
[18.304s] -- Installing: /mnt/dev/webots_ros2/install/webots_ros2_driver/local/lib/python3.10/dist-packages/controller/receiver.py
[18.304s] -- Installing: /mnt/dev/webots_ros2/install/webots_ros2_driver/local/lib/python3.10/dist-packages/controller/position_sensor.py
[18.304s] -- Installing: /mnt/dev/webots_ros2/install/webots_ros2_driver/local/lib/python3.10/dist-packages/controller/accelerometer.py
[18.304s] -- Installing: /mnt/dev/webots_ros2/install/webots_ros2_driver/local/lib/python3.10/dist-packages/controller/radar_target.py
[18.304s] -- Installing: /mnt/dev/webots_ros2/install/webots_ros2_driver/local/lib/python3.10/dist-packages/controller/__init__.py
[18.304s] -- Installing: /mnt/dev/webots_ros2/install/webots_ros2_driver/local/lib/python3.10/dist-packages/controller/joystick.py
[18.304s] -- Installing: /mnt/dev/webots_ros2/install/webots_ros2_driver/local/lib/python3.10/dist-packages/controller/speaker.py
[18.304s] -- Installing: /mnt/dev/webots_ros2/install/webots_ros2_driver/local/lib/python3.10/dist-packages/controller/gps.py
[18.304s] -- Installing: /mnt/dev/webots_ros2/install/webots_ros2_driver/local/lib/python3.10/dist-packages/controller/pen.py
[18.304s] -- Installing: /mnt/dev/webots_ros2/install/webots_ros2_driver/local/lib/python3.10/dist-packages/controller/robot.py
[18.304s] -- Installing: /mnt/dev/webots_ros2/install/webots_ros2_driver/local/lib/python3.10/dist-packages/controller/motion.py
[18.304s] -- Installing: /mnt/dev/webots_ros2/install/webots_ros2_driver/local/lib/python3.10/dist-packages/controller/keyboard.py
[18.304s] -- Installing: /mnt/dev/webots_ros2/install/webots_ros2_driver/local/lib/python3.10/dist-packages/controller/brake.py
[18.304s] -- Installing: /mnt/dev/webots_ros2/install/webots_ros2_driver/local/lib/python3.10/dist-packages/controller/touch_sensor.py
[18.304s] -- Installing: /mnt/dev/webots_ros2/install/webots_ros2_driver/local/lib/python3.10/dist-packages/controller/device.py
[18.304s] -- Installing: /mnt/dev/webots_ros2/install/webots_ros2_driver/local/lib/python3.10/dist-packages/controller/lidar.py
[18.304s] -- Installing: /mnt/dev/webots_ros2/install/webots_ros2_driver/local/lib/python3.10/dist-packages/controller/skin.py
[18.304s] -- Installing: /mnt/dev/webots_ros2/install/webots_ros2_driver/local/lib/python3.10/dist-packages/controller/compass.py
[18.304s] -- Installing: /mnt/dev/webots_ros2/install/webots_ros2_driver/local/lib/python3.10/dist-packages/controller/connector.py
[18.304s] -- Installing: /mnt/dev/webots_ros2/install/webots_ros2_driver/local/lib/python3.10/dist-packages/controller/mouse.py
[18.304s] -- Installing: /mnt/dev/webots_ros2/install/webots_ros2_driver/local/lib/python3.10/dist-packages/controller/gyro.py
[18.304s] -- Installing: /mnt/dev/webots_ros2/install/webots_ros2_driver/local/lib/python3.10/dist-packages/controller/light_sensor.py
[18.304s] -- Installing: /mnt/dev/webots_ros2/install/webots_ros2_driver/local/lib/python3.10/dist-packages/controller/supervisor.py
[18.304s] -- Installing: /mnt/dev/webots_ros2/install/webots_ros2_driver/local/lib/python3.10/dist-packages/controller/ansi_codes.py
[18.304s] -- Installing: /mnt/dev/webots_ros2/install/webots_ros2_driver/local/lib/python3.10/dist-packages/controller/constants.py
[18.304s] -- Installing: /mnt/dev/webots_ros2/install/webots_ros2_driver/local/lib/python3.10/dist-packages/controller/field.py
[18.305s] -- Installing: /mnt/dev/webots_ros2/install/webots_ros2_driver/local/lib/python3.10/dist-packages/controller/altimeter.py
[18.305s] -- Installing: /mnt/dev/webots_ros2/install/webots_ros2_driver/local/lib/python3.10/dist-packages/controller/lidar_point.py
[18.305s] -- Installing: /mnt/dev/webots_ros2/install/webots_ros2_driver/local/lib/python3.10/dist-packages/controller/radar.py
[18.305s] -- Installing: /mnt/dev/webots_ros2/install/webots_ros2_driver/local/lib/python3.10/dist-packages/controller/motor.py
[18.305s] -- Installing: /mnt/dev/webots_ros2/install/webots_ros2_driver/local/lib/python3.10/dist-packages/controller/sensor.py
[18.305s] -- Installing: /mnt/dev/webots_ros2/install/webots_ros2_driver/local/lib/python3.10/dist-packages/controller/emitter.py
[18.305s] -- Installing: /mnt/dev/webots_ros2/install/webots_ros2_driver/local/lib/python3.10/dist-packages/controller/led.py
[18.305s] -- Installing: /mnt/dev/webots_ros2/install/webots_ros2_driver/local/lib/python3.10/dist-packages/controller/inertial_unit.py
[18.305s] -- Installing: /mnt/dev/webots_ros2/install/webots_ros2_driver/local/lib/python3.10/dist-packages/controller/node.py
[18.305s] -- Installing: /mnt/dev/webots_ros2/install/webots_ros2_driver/local/lib/python3.10/dist-packages/controller/display.py
[18.305s] -- Installing: /mnt/dev/webots_ros2/install/webots_ros2_driver/local/lib/python3.10/dist-packages/controller/wb.py
[18.305s] -- Installing: /mnt/dev/webots_ros2/install/webots_ros2_driver/local/lib/python3.10/dist-packages/controller/range_finder.py
[18.334s] Listing '/mnt/dev/webots_ros2/install/webots_ros2_driver/local/lib/python3.10/dist-packages/controller'...
[18.334s] Compiling '/mnt/dev/webots_ros2/install/webots_ros2_driver/local/lib/python3.10/dist-packages/controller/__init__.py'...
[18.334s] Compiling '/mnt/dev/webots_ros2/install/webots_ros2_driver/local/lib/python3.10/dist-packages/controller/accelerometer.py'...
[18.335s] Compiling '/mnt/dev/webots_ros2/install/webots_ros2_driver/local/lib/python3.10/dist-packages/controller/altimeter.py'...
[18.335s] Compiling '/mnt/dev/webots_ros2/install/webots_ros2_driver/local/lib/python3.10/dist-packages/controller/ansi_codes.py'...
[18.335s] Compiling '/mnt/dev/webots_ros2/install/webots_ros2_driver/local/lib/python3.10/dist-packages/controller/brake.py'...
[18.335s] Compiling '/mnt/dev/webots_ros2/install/webots_ros2_driver/local/lib/python3.10/dist-packages/controller/camera.py'...
[18.335s] Compiling '/mnt/dev/webots_ros2/install/webots_ros2_driver/local/lib/python3.10/dist-packages/controller/compass.py'...
[18.335s] Compiling '/mnt/dev/webots_ros2/install/webots_ros2_driver/local/lib/python3.10/dist-packages/controller/connector.py'...
[18.335s] Compiling '/mnt/dev/webots_ros2/install/webots_ros2_driver/local/lib/python3.10/dist-packages/controller/constants.py'...
[18.335s] Compiling '/mnt/dev/webots_ros2/install/webots_ros2_driver/local/lib/python3.10/dist-packages/controller/device.py'...
[18.335s] Compiling '/mnt/dev/webots_ros2/install/webots_ros2_driver/local/lib/python3.10/dist-packages/controller/display.py'...
[18.335s] Compiling '/mnt/dev/webots_ros2/install/webots_ros2_driver/local/lib/python3.10/dist-packages/controller/distance_sensor.py'...
[18.335s] Compiling '/mnt/dev/webots_ros2/install/webots_ros2_driver/local/lib/python3.10/dist-packages/controller/emitter.py'...
[18.335s] Compiling '/mnt/dev/webots_ros2/install/webots_ros2_driver/local/lib/python3.10/dist-packages/controller/field.py'...
[18.335s] Compiling '/mnt/dev/webots_ros2/install/webots_ros2_driver/local/lib/python3.10/dist-packages/controller/gps.py'...
[18.335s] Compiling '/mnt/dev/webots_ros2/install/webots_ros2_driver/local/lib/python3.10/dist-packages/controller/gyro.py'...
[18.335s] Compiling '/mnt/dev/webots_ros2/install/webots_ros2_driver/local/lib/python3.10/dist-packages/controller/inertial_unit.py'...
[18.335s] Compiling '/mnt/dev/webots_ros2/install/webots_ros2_driver/local/lib/python3.10/dist-packages/controller/joystick.py'...
[18.335s] Compiling '/mnt/dev/webots_ros2/install/webots_ros2_driver/local/lib/python3.10/dist-packages/controller/keyboard.py'...
[18.336s] Compiling '/mnt/dev/webots_ros2/install/webots_ros2_driver/local/lib/python3.10/dist-packages/controller/led.py'...
[18.336s] Compiling '/mnt/dev/webots_ros2/install/webots_ros2_driver/local/lib/python3.10/dist-packages/controller/lidar.py'...
[18.336s] Compiling '/mnt/dev/webots_ros2/install/webots_ros2_driver/local/lib/python3.10/dist-packages/controller/lidar_point.py'...
[18.336s] Compiling '/mnt/dev/webots_ros2/install/webots_ros2_driver/local/lib/python3.10/dist-packages/controller/light_sensor.py'...
[18.336s] Compiling '/mnt/dev/webots_ros2/install/webots_ros2_driver/local/lib/python3.10/dist-packages/controller/motion.py'...
[18.336s] Compiling '/mnt/dev/webots_ros2/install/webots_ros2_driver/local/lib/python3.10/dist-packages/controller/motor.py'...
[18.336s] Compiling '/mnt/dev/webots_ros2/install/webots_ros2_driver/local/lib/python3.10/dist-packages/controller/mouse.py'...
[18.336s] Compiling '/mnt/dev/webots_ros2/install/webots_ros2_driver/local/lib/python3.10/dist-packages/controller/node.py'...
[18.336s] Compiling '/mnt/dev/webots_ros2/install/webots_ros2_driver/local/lib/python3.10/dist-packages/controller/pen.py'...
[18.336s] Compiling '/mnt/dev/webots_ros2/install/webots_ros2_driver/local/lib/python3.10/dist-packages/controller/position_sensor.py'...
[18.336s] Compiling '/mnt/dev/webots_ros2/install/webots_ros2_driver/local/lib/python3.10/dist-packages/controller/radar.py'...
[18.336s] Compiling '/mnt/dev/webots_ros2/install/webots_ros2_driver/local/lib/python3.10/dist-packages/controller/radar_target.py'...
[18.336s] Compiling '/mnt/dev/webots_ros2/install/webots_ros2_driver/local/lib/python3.10/dist-packages/controller/range_finder.py'...
[18.336s] Compiling '/mnt/dev/webots_ros2/install/webots_ros2_driver/local/lib/python3.10/dist-packages/controller/receiver.py'...
[18.336s] Compiling '/mnt/dev/webots_ros2/install/webots_ros2_driver/local/lib/python3.10/dist-packages/controller/robot.py'...
[18.336s] Compiling '/mnt/dev/webots_ros2/install/webots_ros2_driver/local/lib/python3.10/dist-packages/controller/sensor.py'...
[18.336s] Compiling '/mnt/dev/webots_ros2/install/webots_ros2_driver/local/lib/python3.10/dist-packages/controller/skin.py'...
[18.337s] Compiling '/mnt/dev/webots_ros2/install/webots_ros2_driver/local/lib/python3.10/dist-packages/controller/speaker.py'...
[18.337s] Compiling '/mnt/dev/webots_ros2/install/webots_ros2_driver/local/lib/python3.10/dist-packages/controller/supervisor.py'...
[18.337s] Compiling '/mnt/dev/webots_ros2/install/webots_ros2_driver/local/lib/python3.10/dist-packages/controller/touch_sensor.py'...
[18.337s] Compiling '/mnt/dev/webots_ros2/install/webots_ros2_driver/local/lib/python3.10/dist-packages/controller/vacuum_gripper.py'...
[18.337s] Compiling '/mnt/dev/webots_ros2/install/webots_ros2_driver/local/lib/python3.10/dist-packages/controller/wb.py'...
[18.337s] -- Installing: /mnt/dev/webots_ros2/install/webots_ros2_driver/local/lib/python3.10/dist-packages/vehicle-2023.1.3-py3.10.egg-info
[18.337s] -- Installing: /mnt/dev/webots_ros2/install/webots_ros2_driver/local/lib/python3.10/dist-packages/vehicle-2023.1.3-py3.10.egg-info/PKG-INFO
[18.337s] -- Installing: /mnt/dev/webots_ros2/install/webots_ros2_driver/local/lib/python3.10/dist-packages/vehicle-2023.1.3-py3.10.egg-info/SOURCES.txt
[18.337s] -- Installing: /mnt/dev/webots_ros2/install/webots_ros2_driver/local/lib/python3.10/dist-packages/vehicle-2023.1.3-py3.10.egg-info/top_level.txt
[18.337s] -- Installing: /mnt/dev/webots_ros2/install/webots_ros2_driver/local/lib/python3.10/dist-packages/vehicle-2023.1.3-py3.10.egg-info/dependency_links.txt
[18.337s] -- Installing: /mnt/dev/webots_ros2/install/webots_ros2_driver/local/lib/python3.10/dist-packages/vehicle
[18.337s] -- Installing: /mnt/dev/webots_ros2/install/webots_ros2_driver/local/lib/python3.10/dist-packages/vehicle/__init__.py
[18.337s] -- Installing: /mnt/dev/webots_ros2/install/webots_ros2_driver/local/lib/python3.10/dist-packages/vehicle/car.py
[18.337s] -- Installing: /mnt/dev/webots_ros2/install/webots_ros2_driver/local/lib/python3.10/dist-packages/vehicle/driver.py
[18.352s] Listing '/mnt/dev/webots_ros2/install/webots_ros2_driver/local/lib/python3.10/dist-packages/vehicle'...
[18.352s] Compiling '/mnt/dev/webots_ros2/install/webots_ros2_driver/local/lib/python3.10/dist-packages/vehicle/__init__.py'...
[18.352s] Compiling '/mnt/dev/webots_ros2/install/webots_ros2_driver/local/lib/python3.10/dist-packages/vehicle/car.py'...
[18.352s] Compiling '/mnt/dev/webots_ros2/install/webots_ros2_driver/local/lib/python3.10/dist-packages/vehicle/driver.py'...
[18.354s] -- Installing: /mnt/dev/webots_ros2/install/webots_ros2_driver/local/lib/python3.10/dist-packages/webots_ros2_driver-2023.1.3-py3.10.egg-info
[18.354s] -- Installing: /mnt/dev/webots_ros2/install/webots_ros2_driver/local/lib/python3.10/dist-packages/webots_ros2_driver-2023.1.3-py3.10.egg-info/PKG-INFO
[18.354s] -- Installing: /mnt/dev/webots_ros2/install/webots_ros2_driver/local/lib/python3.10/dist-packages/webots_ros2_driver-2023.1.3-py3.10.egg-info/SOURCES.txt
[18.354s] -- Installing: /mnt/dev/webots_ros2/install/webots_ros2_driver/local/lib/python3.10/dist-packages/webots_ros2_driver-2023.1.3-py3.10.egg-info/top_level.txt
[18.355s] -- Installing: /mnt/dev/webots_ros2/install/webots_ros2_driver/local/lib/python3.10/dist-packages/webots_ros2_driver-2023.1.3-py3.10.egg-info/dependency_links.txt
[18.355s] -- Installing: /mnt/dev/webots_ros2/install/webots_ros2_driver/local/lib/python3.10/dist-packages/webots_ros2_driver
[18.355s] -- Installing: /mnt/dev/webots_ros2/install/webots_ros2_driver/local/lib/python3.10/dist-packages/webots_ros2_driver/webots_launcher.py
[18.355s] -- Installing: /mnt/dev/webots_ros2/install/webots_ros2_driver/local/lib/python3.10/dist-packages/webots_ros2_driver/ros2_supervisor.py
[18.355s] -- Installing: /mnt/dev/webots_ros2/install/webots_ros2_driver/local/lib/python3.10/dist-packages/webots_ros2_driver/__init__.py
[18.355s] -- Installing: /mnt/dev/webots_ros2/install/webots_ros2_driver/local/lib/python3.10/dist-packages/webots_ros2_driver/urdf_spawner.py
[18.355s] -- Installing: /mnt/dev/webots_ros2/install/webots_ros2_driver/local/lib/python3.10/dist-packages/webots_ros2_driver/wait_for_controller_connection.py
[18.355s] -- Installing: /mnt/dev/webots_ros2/install/webots_ros2_driver/local/lib/python3.10/dist-packages/webots_ros2_driver/webots_controller.py
[18.355s] -- Installing: /mnt/dev/webots_ros2/install/webots_ros2_driver/local/lib/python3.10/dist-packages/webots_ros2_driver/utils.py
[18.373s] Listing '/mnt/dev/webots_ros2/install/webots_ros2_driver/local/lib/python3.10/dist-packages/webots_ros2_driver'...
[18.373s] Compiling '/mnt/dev/webots_ros2/install/webots_ros2_driver/local/lib/python3.10/dist-packages/webots_ros2_driver/__init__.py'...
[18.373s] Compiling '/mnt/dev/webots_ros2/install/webots_ros2_driver/local/lib/python3.10/dist-packages/webots_ros2_driver/ros2_supervisor.py'...
[18.373s] Compiling '/mnt/dev/webots_ros2/install/webots_ros2_driver/local/lib/python3.10/dist-packages/webots_ros2_driver/urdf_spawner.py'...
[18.373s] Compiling '/mnt/dev/webots_ros2/install/webots_ros2_driver/local/lib/python3.10/dist-packages/webots_ros2_driver/utils.py'...
[18.373s] Compiling '/mnt/dev/webots_ros2/install/webots_ros2_driver/local/lib/python3.10/dist-packages/webots_ros2_driver/wait_for_controller_connection.py'...
[18.373s] Compiling '/mnt/dev/webots_ros2/install/webots_ros2_driver/local/lib/python3.10/dist-packages/webots_ros2_driver/webots_controller.py'...
[18.373s] Compiling '/mnt/dev/webots_ros2/install/webots_ros2_driver/local/lib/python3.10/dist-packages/webots_ros2_driver/webots_launcher.py'...
[18.375s] -- Installing: /mnt/dev/webots_ros2/install/webots_ros2_driver/include
[18.375s] -- Installing: /mnt/dev/webots_ros2/install/webots_ros2_driver/include/webots_ros2_driver
[18.375s] -- Installing: /mnt/dev/webots_ros2/install/webots_ros2_driver/include/webots_ros2_driver/PythonPlugin.hpp
[18.376s] -- Installing: /mnt/dev/webots_ros2/install/webots_ros2_driver/include/webots_ros2_driver/utils
[18.376s] -- Installing: /mnt/dev/webots_ros2/install/webots_ros2_driver/include/webots_ros2_driver/utils/Math.hpp
[18.376s] -- Installing: /mnt/dev/webots_ros2/install/webots_ros2_driver/include/webots_ros2_driver/utils/Utils.hpp
[18.376s] -- Installing: /mnt/dev/webots_ros2/install/webots_ros2_driver/include/webots_ros2_driver/plugins
[18.376s] -- Installing: /mnt/dev/webots_ros2/install/webots_ros2_driver/include/webots_ros2_driver/plugins/Ros2SensorPlugin.hpp
[18.376s] -- Installing: /mnt/dev/webots_ros2/install/webots_ros2_driver/include/webots_ros2_driver/plugins/static
[18.376s] -- Installing: /mnt/dev/webots_ros2/install/webots_ros2_driver/include/webots_ros2_driver/plugins/static/Ros2Emitter.hpp
[18.376s] -- Installing: /mnt/dev/webots_ros2/install/webots_ros2_driver/include/webots_ros2_driver/plugins/static/Ros2Receiver.hpp
[18.376s] -- Installing: /mnt/dev/webots_ros2/install/webots_ros2_driver/include/webots_ros2_driver/plugins/static/Ros2Camera.hpp
[18.376s] -- Installing: /mnt/dev/webots_ros2/install/webots_ros2_driver/include/webots_ros2_driver/plugins/static/Ros2GPS.hpp
[18.376s] -- Installing: /mnt/dev/webots_ros2/install/webots_ros2_driver/include/webots_ros2_driver/plugins/static/Ros2RangeFinder.hpp
[18.376s] -- Installing: /mnt/dev/webots_ros2/install/webots_ros2_driver/include/webots_ros2_driver/plugins/static/Ros2Compass.hpp
[18.376s] -- Installing: /mnt/dev/webots_ros2/install/webots_ros2_driver/include/webots_ros2_driver/plugins/static/Ros2DistanceSensor.hpp
[18.376s] -- Installing: /mnt/dev/webots_ros2/install/webots_ros2_driver/include/webots_ros2_driver/plugins/static/Ros2LED.hpp
[18.376s] -- Installing: /mnt/dev/webots_ros2/install/webots_ros2_driver/include/webots_ros2_driver/plugins/static/Ros2LightSensor.hpp
[18.376s] -- Installing: /mnt/dev/webots_ros2/install/webots_ros2_driver/include/webots_ros2_driver/plugins/static/Ros2Pen.hpp
[18.376s] -- Installing: /mnt/dev/webots_ros2/install/webots_ros2_driver/include/webots_ros2_driver/plugins/static/Ros2Lidar.hpp
[18.377s] -- Installing: /mnt/dev/webots_ros2/install/webots_ros2_driver/include/webots_ros2_driver/plugins/static/Ros2VacuumGripper.hpp
[18.377s] -- Installing: /mnt/dev/webots_ros2/install/webots_ros2_driver/include/webots_ros2_driver/plugins/dynamic
[18.377s] -- Installing: /mnt/dev/webots_ros2/install/webots_ros2_driver/include/webots_ros2_driver/plugins/dynamic/Ros2IMU.hpp
[18.377s] -- Installing: /mnt/dev/webots_ros2/install/webots_ros2_driver/include/webots_ros2_driver/plugins/dynamic/Ros2RGBD.hpp
[18.377s] -- Installing: /mnt/dev/webots_ros2/install/webots_ros2_driver/include/webots_ros2_driver/WebotsNode.hpp
[18.377s] -- Installing: /mnt/dev/webots_ros2/install/webots_ros2_driver/include/webots_ros2_driver/PluginInterface.hpp
[18.377s] -- Installing: /mnt/dev/webots_ros2/install/webots_ros2_driver/lib/webots_ros2_driver/driver
[18.381s] -- Installing: /mnt/dev/webots_ros2/install/webots_ros2_driver/lib/libwebots_ros2_driver_imu.so
[18.382s] -- Installing: /mnt/dev/webots_ros2/install/webots_ros2_driver/lib/libwebots_ros2_driver_rgbd.so
[18.383s] -- Installing: /mnt/dev/webots_ros2/install/webots_ros2_driver/include/webots/c
[18.383s] -- Installing: /mnt/dev/webots_ros2/install/webots_ros2_driver/include/webots/c/webots
[18.384s] -- Installing: /mnt/dev/webots_ros2/install/webots_ros2_driver/include/webots/c/webots/gyro.h
[18.384s] -- Installing: /mnt/dev/webots_ros2/install/webots_ros2_driver/include/webots/c/webots/brake.h
[18.384s] -- Installing: /mnt/dev/webots_ros2/install/webots_ros2_driver/include/webots/c/webots/light_sensor.h
[18.384s] -- Installing: /mnt/dev/webots_ros2/install/webots_ros2_driver/include/webots/c/webots/motor.h
[18.384s] -- Installing: /mnt/dev/webots_ros2/install/webots_ros2_driver/include/webots/c/webots/connector.h
[18.384s] -- Installing: /mnt/dev/webots_ros2/install/webots_ros2_driver/include/webots/c/webots/utils
[18.384s] -- Installing: /mnt/dev/webots_ros2/install/webots_ros2_driver/include/webots/c/webots/utils/string.h
[18.384s] -- Installing: /mnt/dev/webots_ros2/install/webots_ros2_driver/include/webots/c/webots/utils/motion.h
[18.384s] -- Installing: /mnt/dev/webots_ros2/install/webots_ros2_driver/include/webots/c/webots/utils/system.h
[18.384s] -- Installing: /mnt/dev/webots_ros2/install/webots_ros2_driver/include/webots/c/webots/utils/ansi_codes.h
[18.384s] -- Installing: /mnt/dev/webots_ros2/install/webots_ros2_driver/include/webots/c/webots/radar.h
[18.385s] -- Installing: /mnt/dev/webots_ros2/install/webots_ros2_driver/include/webots/c/webots/led.h
[18.385s] -- Installing: /mnt/dev/webots_ros2/install/webots_ros2_driver/include/webots/c/webots/joystick.h
[18.385s] -- Installing: /mnt/dev/webots_ros2/install/webots_ros2_driver/include/webots/c/webots/accelerometer.h
[18.385s] -- Installing: /mnt/dev/webots_ros2/install/webots_ros2_driver/include/webots/c/webots/range_finder.h
[18.385s] -- Installing: /mnt/dev/webots_ros2/install/webots_ros2_driver/include/webots/c/webots/compass.h
[18.385s] -- Installing: /mnt/dev/webots_ros2/install/webots_ros2_driver/include/webots/c/webots/inertial_unit.h
[18.385s] -- Installing: /mnt/dev/webots_ros2/install/webots_ros2_driver/include/webots/c/webots/emitter.h
[18.385s] -- Installing: /mnt/dev/webots_ros2/install/webots_ros2_driver/include/webots/c/webots/keyboard.h
[18.385s] -- Installing: /mnt/dev/webots_ros2/install/webots_ros2_driver/include/webots/c/webots/contact_point.h
[18.385s] -- Installing: /mnt/dev/webots_ros2/install/webots_ros2_driver/include/webots/c/webots/plugins
[18.385s] -- Installing: /mnt/dev/webots_ros2/install/webots_ros2_driver/include/webots/c/webots/plugins/robot_window
[18.385s] -- Installing: /mnt/dev/webots_ros2/install/webots_ros2_driver/include/webots/c/webots/plugins/robot_window/robot_wwi.h
[18.386s] -- Installing: /mnt/dev/webots_ros2/install/webots_ros2_driver/include/webots/c/webots/plugins/robot_window/default.h
[18.386s] -- Installing: /mnt/dev/webots_ros2/install/webots_ros2_driver/include/webots/c/webots/plugins/robot_window/robot_window.h
[18.386s] -- Installing: /mnt/dev/webots_ros2/install/webots_ros2_driver/include/webots/c/webots/plugins/robot_window/generic_robot_window
[18.386s] -- Installing: /mnt/dev/webots_ros2/install/webots_ros2_driver/include/webots/c/webots/plugins/robot_window/generic_robot_window/generic.h
[18.386s] -- Installing: /mnt/dev/webots_ros2/install/webots_ros2_driver/include/webots/c/webots/receiver.h
[18.386s] -- Installing: /mnt/dev/webots_ros2/install/webots_ros2_driver/include/webots/c/webots/microphone.h
[18.386s] -- Installing: /mnt/dev/webots_ros2/install/webots_ros2_driver/include/webots/c/webots/robot.h
[18.386s] -- Installing: /mnt/dev/webots_ros2/install/webots_ros2_driver/include/webots/c/webots/lidar_point.h
[18.386s] -- Installing: /mnt/dev/webots_ros2/install/webots_ros2_driver/include/webots/c/webots/types.h
[18.386s] -- Installing: /mnt/dev/webots_ros2/install/webots_ros2_driver/include/webots/c/webots/touch_sensor.h
[18.386s] -- Installing: /mnt/dev/webots_ros2/install/webots_ros2_driver/include/webots/c/webots/position_sensor.h
[18.386s] -- Installing: /mnt/dev/webots_ros2/install/webots_ros2_driver/include/webots/c/webots/display.h
[18.386s] -- Installing: /mnt/dev/webots_ros2/install/webots_ros2_driver/include/webots/c/webots/nodes.h
[18.386s] -- Installing: /mnt/dev/webots_ros2/install/webots_ros2_driver/include/webots/c/webots/supervisor.h
[18.386s] -- Installing: /mnt/dev/webots_ros2/install/webots_ros2_driver/include/webots/c/webots/radar_target.h
[18.386s] -- Installing: /mnt/dev/webots_ros2/install/webots_ros2_driver/include/webots/c/webots/pen.h
[18.386s] -- Installing: /mnt/dev/webots_ros2/install/webots_ros2_driver/include/webots/c/webots/camera.h
[18.386s] -- Installing: /mnt/dev/webots_ros2/install/webots_ros2_driver/include/webots/c/webots/skin.h
[18.386s] -- Installing: /mnt/dev/webots_ros2/install/webots_ros2_driver/include/webots/c/webots/mouse_state.h
[18.386s] -- Installing: /mnt/dev/webots_ros2/install/webots_ros2_driver/include/webots/c/webots/altimeter.h
[18.386s] -- Installing: /mnt/dev/webots_ros2/install/webots_ros2_driver/include/webots/c/webots/remote_control.h
[18.386s] -- Installing: /mnt/dev/webots_ros2/install/webots_ros2_driver/include/webots/c/webots/speaker.h
[18.386s] -- Installing: /mnt/dev/webots_ros2/install/webots_ros2_driver/include/webots/c/webots/vehicle
[18.387s] -- Installing: /mnt/dev/webots_ros2/install/webots_ros2_driver/include/webots/c/webots/vehicle/driver.h
[18.387s] -- Installing: /mnt/dev/webots_ros2/install/webots_ros2_driver/include/webots/c/webots/vehicle/car.h
[18.387s] -- Installing: /mnt/dev/webots_ros2/install/webots_ros2_driver/include/webots/c/webots/console.h
[18.387s] -- Installing: /mnt/dev/webots_ros2/install/webots_ros2_driver/include/webots/c/webots/lidar.h
[18.387s] -- Installing: /mnt/dev/webots_ros2/install/webots_ros2_driver/include/webots/c/webots/camera_recognition_object.h
[18.387s] -- Installing: /mnt/dev/webots_ros2/install/webots_ros2_driver/include/webots/c/webots/radio.h
[18.387s] -- Installing: /mnt/dev/webots_ros2/install/webots_ros2_driver/include/webots/c/webots/distance_sensor.h
[18.387s] -- Installing: /mnt/dev/webots_ros2/install/webots_ros2_driver/include/webots/c/webots/vacuum_gripper.h
[18.387s] -- Installing: /mnt/dev/webots_ros2/install/webots_ros2_driver/include/webots/c/webots/device.h
[18.387s] -- Installing: /mnt/dev/webots_ros2/install/webots_ros2_driver/include/webots/c/webots/gps.h
[18.387s] -- Installing: /mnt/dev/webots_ros2/install/webots_ros2_driver/include/webots/c/webots/mouse.h
[18.387s] -- Installing: /mnt/dev/webots_ros2/install/webots_ros2_driver/include/webots/cpp
[18.387s] -- Installing: /mnt/dev/webots_ros2/install/webots_ros2_driver/include/webots/cpp/webots
[18.387s] -- Installing: /mnt/dev/webots_ros2/install/webots_ros2_driver/include/webots/cpp/webots/Brake.hpp
[18.387s] -- Installing: /mnt/dev/webots_ros2/install/webots_ros2_driver/include/webots/cpp/webots/Compass.hpp
[18.387s] -- Installing: /mnt/dev/webots_ros2/install/webots_ros2_driver/include/webots/cpp/webots/RangeFinder.hpp
[18.387s] -- Installing: /mnt/dev/webots_ros2/install/webots_ros2_driver/include/webots/cpp/webots/utils
[18.387s] -- Installing: /mnt/dev/webots_ros2/install/webots_ros2_driver/include/webots/cpp/webots/utils/Motion.hpp
[18.387s] -- Installing: /mnt/dev/webots_ros2/install/webots_ros2_driver/include/webots/cpp/webots/utils/AnsiCodes.hpp
[18.387s] -- Installing: /mnt/dev/webots_ros2/install/webots_ros2_driver/include/webots/cpp/webots/LED.hpp
[18.387s] -- Installing: /mnt/dev/webots_ros2/install/webots_ros2_driver/include/webots/cpp/webots/Emitter.hpp
[18.387s] -- Installing: /mnt/dev/webots_ros2/install/webots_ros2_driver/include/webots/cpp/webots/DistanceSensor.hpp
[18.387s] -- Installing: /mnt/dev/webots_ros2/install/webots_ros2_driver/include/webots/cpp/webots/Joystick.hpp
[18.387s] -- Installing: /mnt/dev/webots_ros2/install/webots_ros2_driver/include/webots/cpp/webots/Node.hpp
[18.387s] -- Installing: /mnt/dev/webots_ros2/install/webots_ros2_driver/include/webots/cpp/webots/Altimeter.hpp
[18.387s] -- Installing: /mnt/dev/webots_ros2/install/webots_ros2_driver/include/webots/cpp/webots/Motor.hpp
[18.387s] -- Installing: /mnt/dev/webots_ros2/install/webots_ros2_driver/include/webots/cpp/webots/Speaker.hpp
[18.387s] -- Installing: /mnt/dev/webots_ros2/install/webots_ros2_driver/include/webots/cpp/webots/Lidar.hpp
[18.387s] -- Installing: /mnt/dev/webots_ros2/install/webots_ros2_driver/include/webots/cpp/webots/ImageRef.hpp
[18.387s] -- Installing: /mnt/dev/webots_ros2/install/webots_ros2_driver/include/webots/cpp/webots/LightSensor.hpp
[18.388s] -- Installing: /mnt/dev/webots_ros2/install/webots_ros2_driver/include/webots/cpp/webots/Supervisor.hpp
[18.388s] -- Installing: /mnt/dev/webots_ros2/install/webots_ros2_driver/include/webots/cpp/webots/Device.hpp
[18.388s] -- Installing: /mnt/dev/webots_ros2/install/webots_ros2_driver/include/webots/cpp/webots/PositionSensor.hpp
[18.388s] -- Installing: /mnt/dev/webots_ros2/install/webots_ros2_driver/include/webots/cpp/webots/TouchSensor.hpp
[18.388s] -- Installing: /mnt/dev/webots_ros2/install/webots_ros2_driver/include/webots/cpp/webots/Field.hpp
[18.388s] -- Installing: /mnt/dev/webots_ros2/install/webots_ros2_driver/include/webots/cpp/webots/Camera.hpp
[18.388s] -- Installing: /mnt/dev/webots_ros2/install/webots_ros2_driver/include/webots/cpp/webots/Gyro.hpp
[18.388s] -- Installing: /mnt/dev/webots_ros2/install/webots_ros2_driver/include/webots/cpp/webots/Mouse.hpp
[18.388s] -- Installing: /mnt/dev/webots_ros2/install/webots_ros2_driver/include/webots/cpp/webots/Accelerometer.hpp
[18.388s] -- Installing: /mnt/dev/webots_ros2/install/webots_ros2_driver/include/webots/cpp/webots/GPS.hpp
[18.388s] -- Installing: /mnt/dev/webots_ros2/install/webots_ros2_driver/include/webots/cpp/webots/Robot.hpp
[18.388s] -- Installing: /mnt/dev/webots_ros2/install/webots_ros2_driver/include/webots/cpp/webots/Receiver.hpp
[18.388s] -- Installing: /mnt/dev/webots_ros2/install/webots_ros2_driver/include/webots/cpp/webots/Radar.hpp
[18.388s] -- Installing: /mnt/dev/webots_ros2/install/webots_ros2_driver/include/webots/cpp/webots/Pen.hpp
[18.388s] -- Installing: /mnt/dev/webots_ros2/install/webots_ros2_driver/include/webots/cpp/webots/InertialUnit.hpp
[18.388s] -- Installing: /mnt/dev/webots_ros2/install/webots_ros2_driver/include/webots/cpp/webots/Keyboard.hpp
[18.388s] -- Installing: /mnt/dev/webots_ros2/install/webots_ros2_driver/include/webots/cpp/webots/vehicle
[18.388s] -- Installing: /mnt/dev/webots_ros2/install/webots_ros2_driver/include/webots/cpp/webots/vehicle/Driver.hpp
[18.388s] -- Installing: /mnt/dev/webots_ros2/install/webots_ros2_driver/include/webots/cpp/webots/vehicle/Car.hpp
[18.388s] -- Installing: /mnt/dev/webots_ros2/install/webots_ros2_driver/include/webots/cpp/webots/Display.hpp
[18.388s] -- Installing: /mnt/dev/webots_ros2/install/webots_ros2_driver/include/webots/cpp/webots/Connector.hpp
[18.388s] -- Installing: /mnt/dev/webots_ros2/install/webots_ros2_driver/include/webots/cpp/webots/VacuumGripper.hpp
[18.388s] -- Installing: /mnt/dev/webots_ros2/install/webots_ros2_driver/include/webots/cpp/webots/Skin.hpp
[18.388s] -- Installing: /mnt/dev/webots_ros2/install/webots_ros2_driver/lib/controller
[18.388s] -- Installing: /mnt/dev/webots_ros2/install/webots_ros2_driver/lib/controller/libCppCar.so
[18.388s] -- Installing: /mnt/dev/webots_ros2/install/webots_ros2_driver/lib/controller/libdriver.so
[18.388s] -- Installing: /mnt/dev/webots_ros2/install/webots_ros2_driver/lib/controller/.gitignore
[18.388s] -- Installing: /mnt/dev/webots_ros2/install/webots_ros2_driver/lib/controller/libcar.so
[18.388s] -- Installing: /mnt/dev/webots_ros2/install/webots_ros2_driver/lib/controller/libCppController.so
[18.388s] -- Installing: /mnt/dev/webots_ros2/install/webots_ros2_driver/lib/controller/libController.so
[18.388s] -- Installing: /mnt/dev/webots_ros2/install/webots_ros2_driver/lib/controller/libCppDriver.so
[18.388s] -- Installing: /mnt/dev/webots_ros2/install/webots_ros2_driver/lib/controller/libgeneric_robot_window.so
[18.388s] -- Installing: /mnt/dev/webots_ros2/install/webots_ros2_driver/share/webots_ros2_driver/webots_ros2_imu.xml
[18.388s] -- Installing: /mnt/dev/webots_ros2/install/webots_ros2_driver/share/webots_ros2_driver/webots_ros2_rgbd.xml
[18.388s] -- Installing: /mnt/dev/webots_ros2/install/webots_ros2_driver/lib/webots_ros2_driver/ros2_supervisor.py
[18.388s] -- Installing: /mnt/dev/webots_ros2/install/webots_ros2_driver/share/webots_ros2_driver/scripts
[18.388s] -- Installing: /mnt/dev/webots_ros2/install/webots_ros2_driver/share/webots_ros2_driver/scripts/webots_tcp_client.py
[18.388s] -- Installing: /mnt/dev/webots_ros2/install/webots_ros2_driver/share/webots_ros2_driver/scripts/webots-controller
[18.389s] -- Installing: /mnt/dev/webots_ros2/install/webots_ros2_driver/share/webots_ros2_driver/environment/library_path.sh
[18.389s] -- Installing: /mnt/dev/webots_ros2/install/webots_ros2_driver/share/webots_ros2_driver/environment/library_path.dsv
[18.389s] -- Installing: /mnt/dev/webots_ros2/install/webots_ros2_driver/share/ament_index/resource_index/package_run_dependencies/webots_ros2_driver
[18.389s] -- Installing: /mnt/dev/webots_ros2/install/webots_ros2_driver/share/ament_index/resource_index/parent_prefix_path/webots_ros2_driver
[18.389s] -- Installing: /mnt/dev/webots_ros2/install/webots_ros2_driver/share/webots_ros2_driver/environment/ament_prefix_path.sh
[18.389s] -- Installing: /mnt/dev/webots_ros2/install/webots_ros2_driver/share/webots_ros2_driver/environment/ament_prefix_path.dsv
[18.389s] -- Installing: /mnt/dev/webots_ros2/install/webots_ros2_driver/share/webots_ros2_driver/environment/path.sh
[18.389s] -- Installing: /mnt/dev/webots_ros2/install/webots_ros2_driver/share/webots_ros2_driver/environment/path.dsv
[18.389s] -- Installing: /mnt/dev/webots_ros2/install/webots_ros2_driver/share/webots_ros2_driver/local_setup.bash
[18.389s] -- Installing: /mnt/dev/webots_ros2/install/webots_ros2_driver/share/webots_ros2_driver/local_setup.sh
[18.389s] -- Installing: /mnt/dev/webots_ros2/install/webots_ros2_driver/share/webots_ros2_driver/local_setup.zsh
[18.389s] -- Installing: /mnt/dev/webots_ros2/install/webots_ros2_driver/share/webots_ros2_driver/local_setup.dsv
[18.389s] -- Installing: /mnt/dev/webots_ros2/install/webots_ros2_driver/share/webots_ros2_driver/package.dsv
[18.389s] -- Installing: /mnt/dev/webots_ros2/install/webots_ros2_driver/share/ament_index/resource_index/packages/webots_ros2_driver
[18.389s] -- Installing: /mnt/dev/webots_ros2/install/webots_ros2_driver/share/ament_index/resource_index/webots_ros2_driver__pluginlib__plugin/webots_ros2_driver
[18.389s] -- Installing: /mnt/dev/webots_ros2/install/webots_ros2_driver/share/webots_ros2_driver/cmake/ament_cmake_export_include_directories-extras.cmake
[18.389s] -- Installing: /mnt/dev/webots_ros2/install/webots_ros2_driver/share/webots_ros2_driver/cmake/ament_cmake_export_dependencies-extras.cmake
[18.389s] -- Installing: /mnt/dev/webots_ros2/install/webots_ros2_driver/share/webots_ros2_driver/cmake/ament_cmake_export_libraries-extras.cmake
[18.389s] -- Installing: /mnt/dev/webots_ros2/install/webots_ros2_driver/share/webots_ros2_driver/cmake/webots_ros2_driverConfig.cmake
[18.389s] -- Installing: /mnt/dev/webots_ros2/install/webots_ros2_driver/share/webots_ros2_driver/cmake/webots_ros2_driverConfig-version.cmake
[18.389s] -- Installing: /mnt/dev/webots_ros2/install/webots_ros2_driver/share/webots_ros2_driver/package.xml
[18.390s] Invoked command in '/mnt/dev/webots_ros2/build/webots_ros2_driver' returned '0': AMENT_PREFIX_PATH=/mnt/dev/webots_ros2/install/webots_ros2_msgs:/mnt/dev/webots_ros2/install/webots_ros2_importer:${AMENT_PREFIX_PATH} CMAKE_PREFIX_PATH=/mnt/dev/webots_ros2/install/webots_ros2_msgs:/opt/ros/humble LD_LIBRARY_PATH=/mnt/dev/webots_ros2/install/webots_ros2_msgs/lib:${LD_LIBRARY_PATH} PYTHONPATH=/mnt/dev/webots_ros2/install/webots_ros2_msgs/local/lib/python3.10/dist-packages:/mnt/dev/webots_ros2/install/webots_ros2_importer/lib/python3.10/site-packages:${PYTHONPATH} /usr/bin/cmake --install /mnt/dev/webots_ros2/build/webots_ros2_driver
