[0.283s] Invoking command in '/mnt/dev/webots_ros2/src/webots_ros2/webots_ros2': AMENT_PREFIX_PATH=/mnt/dev/webots_ros2/install/webots_ros2_tests:/mnt/dev/webots_ros2/install/webots_ros2_universal_robot:/mnt/dev/webots_ros2/install/webots_ros2_turtlebot:/mnt/dev/webots_ros2/install/webots_ros2_tiago:/mnt/dev/webots_ros2/install/webots_ros2_epuck:/mnt/dev/webots_ros2/install/webots_ros2_tesla:/mnt/dev/webots_ros2/install/webots_ros2_mavic:/mnt/dev/webots_ros2/install/webots_ros2_control:/mnt/dev/webots_ros2/install/webots_ros2_driver:/mnt/dev/webots_ros2/install/webots_ros2_msgs:/mnt/dev/webots_ros2/install/webots_ros2_importer:${AMENT_PREFIX_PATH} CMAKE_PREFIX_PATH=/mnt/dev/webots_ros2/install/webots_ros2_control:/mnt/dev/webots_ros2/install/webots_ros2_driver:/mnt/dev/webots_ros2/install/webots_ros2_msgs LD_LIBRARY_PATH=/mnt/dev/webots_ros2/install/webots_ros2_control/lib:/mnt/dev/webots_ros2/install/webots_ros2_driver/lib:/mnt/dev/webots_ros2/install/webots_ros2_msgs/lib:${LD_LIBRARY_PATH} PYTHONPATH=/mnt/dev/webots_ros2/build/webots_ros2/prefix_override:/usr/lib/python3/dist-packages/colcon_core/task/python/colcon_distutils_commands:/mnt/dev/webots_ros2/install/webots_ros2/lib/python3.10/site-packages:/mnt/dev/webots_ros2/install/webots_ros2_tests/lib/python3.10/site-packages:/mnt/dev/webots_ros2/install/webots_ros2_universal_robot/lib/python3.10/site-packages:/mnt/dev/webots_ros2/install/webots_ros2_turtlebot/lib/python3.10/site-packages:/mnt/dev/webots_ros2/install/webots_ros2_tiago/lib/python3.10/site-packages:/mnt/dev/webots_ros2/install/webots_ros2_epuck/lib/python3.10/site-packages:/mnt/dev/webots_ros2/install/webots_ros2_tesla/lib/python3.10/site-packages:/mnt/dev/webots_ros2/install/webots_ros2_mavic/lib/python3.10/site-packages:/mnt/dev/webots_ros2/install/webots_ros2_driver/local/lib/python3.10/dist-packages:/mnt/dev/webots_ros2/install/webots_ros2_msgs/local/lib/python3.10/dist-packages:/mnt/dev/webots_ros2/install/webots_ros2_importer/lib/python3.10/site-packages:${PYTHONPATH} /usr/bin/python3 -W ignore:setup.py install is deprecated -W ignore:easy_install command is deprecated setup.py egg_info --egg-base ../../../build/webots_ros2 build --build-base /mnt/dev/webots_ros2/build/webots_ros2/build install --record /mnt/dev/webots_ros2/build/webots_ros2/install.log --single-version-externally-managed install_data
[0.386s] running egg_info
[0.386s] creating ../../../build/webots_ros2/webots_ros2.egg-info
[0.386s] writing ../../../build/webots_ros2/webots_ros2.egg-info/PKG-INFO
[0.386s] writing dependency_links to ../../../build/webots_ros2/webots_ros2.egg-info/dependency_links.txt
[0.386s] writing requirements to ../../../build/webots_ros2/webots_ros2.egg-info/requires.txt
[0.386s] writing top-level names to ../../../build/webots_ros2/webots_ros2.egg-info/top_level.txt
[0.386s] writing manifest file '../../../build/webots_ros2/webots_ros2.egg-info/SOURCES.txt'
[0.387s] reading manifest file '../../../build/webots_ros2/webots_ros2.egg-info/SOURCES.txt'
[0.387s] writing manifest file '../../../build/webots_ros2/webots_ros2.egg-info/SOURCES.txt'
[0.387s] running build
[0.387s] running build_py
[0.387s] creating /mnt/dev/webots_ros2/build/webots_ros2/build
[0.387s] creating /mnt/dev/webots_ros2/build/webots_ros2/build/lib
[0.388s] creating /mnt/dev/webots_ros2/build/webots_ros2/build/lib/webots_ros2
[0.388s] copying webots_ros2/__init__.py -> /mnt/dev/webots_ros2/build/webots_ros2/build/lib/webots_ros2
[0.388s] running install
[0.388s] running install_lib
[0.388s] creating /mnt/dev/webots_ros2/install/webots_ros2/lib/python3.10/site-packages/webots_ros2
[0.388s] copying /mnt/dev/webots_ros2/build/webots_ros2/build/lib/webots_ros2/__init__.py -> /mnt/dev/webots_ros2/install/webots_ros2/lib/python3.10/site-packages/webots_ros2
[0.388s] byte-compiling /mnt/dev/webots_ros2/install/webots_ros2/lib/python3.10/site-packages/webots_ros2/__init__.py to __init__.cpython-310.pyc
[0.388s] running install_data
[0.388s] copying package.xml -> /mnt/dev/webots_ros2/install/webots_ros2/share/webots_ros2
[0.388s] creating /mnt/dev/webots_ros2/install/webots_ros2/share/ament_index
[0.388s] creating /mnt/dev/webots_ros2/install/webots_ros2/share/ament_index/resource_index
[0.388s] creating /mnt/dev/webots_ros2/install/webots_ros2/share/ament_index/resource_index/packages
[0.388s] copying resource/webots_ros2 -> /mnt/dev/webots_ros2/install/webots_ros2/share/ament_index/resource_index/packages
[0.388s] running install_egg_info
[0.389s] Copying ../../../build/webots_ros2/webots_ros2.egg-info to /mnt/dev/webots_ros2/install/webots_ros2/lib/python3.10/site-packages/webots_ros2-2023.1.3-py3.10.egg-info
[0.389s] running install_scripts
[0.400s] writing list of installed files to '/mnt/dev/webots_ros2/build/webots_ros2/install.log'
[0.411s] Invoked command in '/mnt/dev/webots_ros2/src/webots_ros2/webots_ros2' returned '0': AMENT_PREFIX_PATH=/mnt/dev/webots_ros2/install/webots_ros2_tests:/mnt/dev/webots_ros2/install/webots_ros2_universal_robot:/mnt/dev/webots_ros2/install/webots_ros2_turtlebot:/mnt/dev/webots_ros2/install/webots_ros2_tiago:/mnt/dev/webots_ros2/install/webots_ros2_epuck:/mnt/dev/webots_ros2/install/webots_ros2_tesla:/mnt/dev/webots_ros2/install/webots_ros2_mavic:/mnt/dev/webots_ros2/install/webots_ros2_control:/mnt/dev/webots_ros2/install/webots_ros2_driver:/mnt/dev/webots_ros2/install/webots_ros2_msgs:/mnt/dev/webots_ros2/install/webots_ros2_importer:${AMENT_PREFIX_PATH} CMAKE_PREFIX_PATH=/mnt/dev/webots_ros2/install/webots_ros2_control:/mnt/dev/webots_ros2/install/webots_ros2_driver:/mnt/dev/webots_ros2/install/webots_ros2_msgs LD_LIBRARY_PATH=/mnt/dev/webots_ros2/install/webots_ros2_control/lib:/mnt/dev/webots_ros2/install/webots_ros2_driver/lib:/mnt/dev/webots_ros2/install/webots_ros2_msgs/lib:${LD_LIBRARY_PATH} PYTHONPATH=/mnt/dev/webots_ros2/build/webots_ros2/prefix_override:/usr/lib/python3/dist-packages/colcon_core/task/python/colcon_distutils_commands:/mnt/dev/webots_ros2/install/webots_ros2/lib/python3.10/site-packages:/mnt/dev/webots_ros2/install/webots_ros2_tests/lib/python3.10/site-packages:/mnt/dev/webots_ros2/install/webots_ros2_universal_robot/lib/python3.10/site-packages:/mnt/dev/webots_ros2/install/webots_ros2_turtlebot/lib/python3.10/site-packages:/mnt/dev/webots_ros2/install/webots_ros2_tiago/lib/python3.10/site-packages:/mnt/dev/webots_ros2/install/webots_ros2_epuck/lib/python3.10/site-packages:/mnt/dev/webots_ros2/install/webots_ros2_tesla/lib/python3.10/site-packages:/mnt/dev/webots_ros2/install/webots_ros2_mavic/lib/python3.10/site-packages:/mnt/dev/webots_ros2/install/webots_ros2_driver/local/lib/python3.10/dist-packages:/mnt/dev/webots_ros2/install/webots_ros2_msgs/local/lib/python3.10/dist-packages:/mnt/dev/webots_ros2/install/webots_ros2_importer/lib/python3.10/site-packages:${PYTHONPATH} /usr/bin/python3 -W ignore:setup.py install is deprecated -W ignore:easy_install command is deprecated setup.py egg_info --egg-base ../../../build/webots_ros2 build --build-base /mnt/dev/webots_ros2/build/webots_ros2/build install --record /mnt/dev/webots_ros2/build/webots_ros2/install.log --single-version-externally-managed install_data
